#
# There is insufficient memory for the Java Runtime Environment to continue.
# Native memory allocation (mmap) failed to map 61865984 bytes for Failed to commit area from 0x0000000092300000 to 0x0000000095e00000 of length 61865984.
# Possible reasons:
#   The system is out of physical RAM or swap space
#   The process is running with CompressedOops enabled, and the Java Heap may be blocking the growth of the native heap
# Possible solutions:
#   Reduce memory load on the system
#   Increase physical memory or swap space
#   Check if swap backing store is full
#   Decrease Java heap size (-Xmx/-Xms)
#   Decrease number of Java threads
#   Decrease Java thread stack sizes (-Xss)
#   Set larger code cache with -XX:ReservedCodeCacheSize=
#   JVM is running with Unscaled Compressed Oops mode in which the Java heap is
#     placed in the first 4GB address space. The Java Heap base address is the
#     maximum limit for the native heap growth. Please use -XX:HeapBaseMinAddress
#     to set the Java Heap base and to place the Java Heap above 4GB virtual address.
# This output file may be truncated or incomplete.
#
#  Out of Memory Error (./src/hotspot/os/windows/os_windows.cpp:3301), pid=2876, tid=16012
#
# JRE version: OpenJDK Runtime Environment (11.0.10) (build 11.0.10+0-b96-7249189)
# Java VM: OpenJDK 64-Bit Server VM (11.0.10+0-b96-7249189, mixed mode, tiered, compressed oops, g1 gc, windows-amd64)
# No core dump will be written. Minidumps are not enabled by default on client versions of Windows
#

---------------  S U M M A R Y ------------

Command Line: --add-opens=java.base/java.util=ALL-UNNAMED --add-opens=java.base/java.lang=ALL-UNNAMED --add-opens=java.base/java.lang.invoke=ALL-UNNAMED --add-opens=java.base/java.util=ALL-UNNAMED --add-opens=java.prefs/java.util.prefs=ALL-UNNAMED --add-opens=java.prefs/java.util.prefs=ALL-UNNAMED --add-opens=java.base/java.nio.charset=ALL-UNNAMED --add-opens=java.base/java.net=ALL-UNNAMED --add-opens=java.base/java.util.concurrent.atomic=ALL-UNNAMED -Xmx2048m -Dfile.encoding=UTF-8 -Duser.country=US -Duser.language=en -Duser.variant org.gradle.launcher.daemon.bootstrap.GradleDaemon 7.0.2

Host: Intel(R) Core(TM) i7-10510U CPU @ 1.80GHz, 8 cores, 7G,  Windows 10 , 64 bit Build 19041 (10.0.19041.1023)
Time: Mon Jan 10 19:23:04 2022 SE Asia Standard Time elapsed time: 485.458509 seconds (0d 0h 8m 5s)

---------------  T H R E A D  ---------------

Current thread (0x000001a17bacf000):  VMThread "VM Thread" [stack: 0x0000003b5fa00000,0x0000003b5fb00000] [id=16012]

Stack: [0x0000003b5fa00000,0x0000003b5fb00000]
[error occurred during error reporting (printing stack bounds), id 0xc0000005, EXCEPTION_ACCESS_VIOLATION (0xc0000005) at pc=0x000001a100000f2d]

Native frames: (J=compiled Java code, j=interpreted, Vv=VM code, C=native code)
V  [jvm.dll+0x5ecfaa]
V  [jvm.dll+0x722bd5]
V  [jvm.dll+0x72412d]
V  [jvm.dll+0x724745]
V  [jvm.dll+0x7246fb]
V  [jvm.dll+0x5ec348]
V  [jvm.dll+0x5ecad8]
C  [ntdll.dll+0xa217f]
C  [ntdll.dll+0x51454]
C  [ntdll.dll+0xa0cae]
C  0x000001a100000f2d

VM_Operation (0x0000003b62df8e00): G1CollectForAllocation, mode: safepoint, requested by thread 0x000001a10f6a7800


---------------  P R O C E S S  ---------------

Threads class SMR info:
_java_thread_list=0x000001a17ea4e850, length=70, elements={
0x000001a17065e800, 0x000001a17bad1800, 0x000001a17bada800, 0x000001a17c462800,
0x000001a17baeb800, 0x000001a17baed000, 0x000001a17baf0000, 0x000001a17bafa800,
0x000001a17bb08800, 0x000001a17c5c3800, 0x000001a17dd75800, 0x000001a17cd04800,
0x000001a17e8fb000, 0x000001a17dd65800, 0x000001a17dd64000, 0x000001a17dd64800,
0x000001a17dd60000, 0x000001a17dd66800, 0x000001a17dd60800, 0x000001a17dd61800,
0x000001a10f6a3000, 0x000001a10f6a3800, 0x000001a10f6a2000, 0x000001a10f6a7000,
0x000001a10f6a4800, 0x000001a10f6a1000, 0x000001a10f6a8800, 0x000001a10f6ab800,
0x000001a10f9cf800, 0x000001a10f9c9800, 0x000001a10f9c9000, 0x000001a10f9cb800,
0x000001a10f9ca800, 0x000001a10f9c7800, 0x000001a10f9c8000, 0x000001a10f9d1000,
0x000001a10f9cd000, 0x000001a10f9d2000, 0x000001a10f9cc000, 0x000001a10f9d2800,
0x000001a10f9d3800, 0x000001a10f9d4800, 0x000001a10f9ce800, 0x000001a10f9d5000,
0x000001a10f9d6000, 0x000001a10f6a6000, 0x000001a10f6a7800, 0x000001a10f6aa000,
0x000001a10f6af000, 0x000001a10f6a9800, 0x000001a10f6b0000, 0x000001a10f6ab000,
0x000001a17dd62800, 0x000001a17dd63000, 0x000001a1168aa800, 0x000001a1168ab800,
0x000001a1168ad000, 0x000001a1168a9000, 0x000001a1168ac000, 0x000001a1168a8000,
0x000001a1168a7800, 0x000001a1168ae000, 0x000001a1168af800, 0x000001a1168a9800,
0x000001a1168b1000, 0x000001a1168b2800, 0x000001a1168b0800, 0x000001a1168b2000,
0x000001a17c803800, 0x000001a1168b3800
}

Java Threads: ( => current thread )
  0x000001a17065e800 JavaThread "main" [_thread_blocked, id=11940, stack(0x0000003b5f400000,0x0000003b5f500000)]
  0x000001a17bad1800 JavaThread "Reference Handler" daemon [_thread_blocked, id=12484, stack(0x0000003b5fb00000,0x0000003b5fc00000)]
  0x000001a17bada800 JavaThread "Finalizer" daemon [_thread_blocked, id=12360, stack(0x0000003b5fc00000,0x0000003b5fd00000)]
  0x000001a17c462800 JavaThread "Signal Dispatcher" daemon [_thread_blocked, id=3432, stack(0x0000003b5fd00000,0x0000003b5fe00000)]
  0x000001a17baeb800 JavaThread "Attach Listener" daemon [_thread_blocked, id=9308, stack(0x0000003b5fe00000,0x0000003b5ff00000)]
  0x000001a17baed000 JavaThread "Service Thread" daemon [_thread_blocked, id=11768, stack(0x0000003b5ff00000,0x0000003b60000000)]
  0x000001a17baf0000 JavaThread "C2 CompilerThread0" daemon [_thread_in_native, id=2056, stack(0x0000003b60000000,0x0000003b60100000)]
  0x000001a17bafa800 JavaThread "C1 CompilerThread0" daemon [_thread_blocked, id=14432, stack(0x0000003b60100000,0x0000003b60200000)]
  0x000001a17bb08800 JavaThread "Sweeper thread" daemon [_thread_blocked, id=10820, stack(0x0000003b60200000,0x0000003b60300000)]
  0x000001a17c5c3800 JavaThread "Common-Cleaner" daemon [_thread_blocked, id=5024, stack(0x0000003b60300000,0x0000003b60400000)]
  0x000001a17dd75800 JavaThread "Daemon health stats" [_thread_blocked, id=15144, stack(0x0000003b60900000,0x0000003b60a00000)]
  0x000001a17cd04800 JavaThread "Incoming local TCP Connector on port 51225" [_thread_in_native, id=12260, stack(0x0000003b60600000,0x0000003b60700000)]
  0x000001a17e8fb000 JavaThread "Daemon periodic checks" [_thread_blocked, id=1648, stack(0x0000003b60a00000,0x0000003b60b00000)]
  0x000001a17dd65800 JavaThread "Cache worker for file hash cache (C:\Users\PC\.gradle\caches\7.0.2\fileHashes)" [_thread_blocked, id=12412, stack(0x0000003b61700000,0x0000003b61800000)]
  0x000001a17dd64000 JavaThread "File lock request listener" [_thread_in_native, id=2792, stack(0x0000003b61800000,0x0000003b61900000)]
  0x000001a17dd64800 JavaThread "Cache worker for journal cache (C:\Users\PC\.gradle\caches\journal-1)" [_thread_blocked, id=13216, stack(0x0000003b61a00000,0x0000003b61b00000)]
  0x000001a17dd60000 JavaThread "File watcher server" daemon [_thread_blocked, id=14052, stack(0x0000003b61c00000,0x0000003b61d00000)]
  0x000001a17dd66800 JavaThread "File watcher consumer" daemon [_thread_blocked, id=10520, stack(0x0000003b61d00000,0x0000003b61e00000)]
  0x000001a17dd60800 JavaThread "jar transforms" [_thread_blocked, id=11532, stack(0x0000003b61e00000,0x0000003b61f00000)]
  0x000001a17dd61800 JavaThread "jar transforms Thread 2" [_thread_blocked, id=5792, stack(0x0000003b61f00000,0x0000003b62000000)]
  0x000001a10f6a3000 JavaThread "jar transforms Thread 3" [_thread_blocked, id=14820, stack(0x0000003b62000000,0x0000003b62100000)]
  0x000001a10f6a3800 JavaThread "jar transforms Thread 4" [_thread_blocked, id=14568, stack(0x0000003b62100000,0x0000003b62200000)]
  0x000001a10f6a2000 JavaThread "jar transforms Thread 5" [_thread_blocked, id=11244, stack(0x0000003b62200000,0x0000003b62300000)]
  0x000001a10f6a7000 JavaThread "jar transforms Thread 6" [_thread_blocked, id=14996, stack(0x0000003b62300000,0x0000003b62400000)]
  0x000001a10f6a4800 JavaThread "jar transforms Thread 7" [_thread_blocked, id=16764, stack(0x0000003b62400000,0x0000003b62500000)]
  0x000001a10f6a1000 JavaThread "jar transforms Thread 8" [_thread_blocked, id=4924, stack(0x0000003b62500000,0x0000003b62600000)]
  0x000001a10f6a8800 JavaThread "Cache worker for execution history cache (C:\Users\PC\.gradle\caches\7.0.2\executionHistory)" [_thread_blocked, id=17272, stack(0x0000003b62a00000,0x0000003b62b00000)]
  0x000001a10f6ab800 JavaThread "Cache worker for file content cache (C:\Users\PC\.gradle\caches\7.0.2\fileContent)" [_thread_blocked, id=13320, stack(0x0000003b62b00000,0x0000003b62c00000)]
  0x000001a10f9cf800 JavaThread "Memory manager" [_thread_blocked, id=14412, stack(0x0000003b63600000,0x0000003b63700000)]
  0x000001a10f9c9800 JavaThread "pool-3-thread-1" [_thread_blocked, id=10324, stack(0x0000003b63700000,0x0000003b63800000)]
  0x000001a10f9c9000 JavaThread "Daemon Thread 2" [_thread_blocked, id=12816, stack(0x0000003b5f100000,0x0000003b5f200000)]
  0x000001a10f9cb800 JavaThread "Handler for socket connection from /127.0.0.1:51225 to /127.0.0.1:51789" [_thread_in_native, id=15148, stack(0x0000003b5f200000,0x0000003b5f300000)]
  0x000001a10f9ca800 JavaThread "Cancel handler" [_thread_blocked, id=9944, stack(0x0000003b5f300000,0x0000003b5f400000)]
  0x000001a10f9c7800 JavaThread "Daemon worker Thread 2" [_thread_blocked, id=3948, stack(0x0000003b60500000,0x0000003b60600000)]
  0x000001a10f9c8000 JavaThread "Asynchronous log dispatcher for DefaultDaemonConnection: socket connection from /127.0.0.1:51225 to /127.0.0.1:51789" [_thread_blocked, id=2524, stack(0x0000003b60b00000,0x0000003b60c00000)]
  0x000001a10f9d1000 JavaThread "Stdin handler" [_thread_blocked, id=10228, stack(0x0000003b60c00000,0x0000003b60d00000)]
  0x000001a10f9cd000 JavaThread "Daemon client event forwarder" [_thread_blocked, id=16152, stack(0x0000003b60d00000,0x0000003b60e00000)]
  0x000001a10f9d2000 JavaThread "Cache worker for file hash cache (C:\Users\PC\AndroidStudioProjects\Gmail\.gradle\7.0.2\fileHashes)" [_thread_blocked, id=3368, stack(0x0000003b60e00000,0x0000003b60f00000)]
  0x000001a10f9cc000 JavaThread "Cache worker for checksums cache (C:\Users\PC\AndroidStudioProjects\Gmail\.gradle\checksums)" [_thread_blocked, id=1604, stack(0x0000003b60f00000,0x0000003b61000000)]
  0x000001a10f9d2800 JavaThread "Cache worker for cache directory md-supplier (C:\Users\PC\.gradle\caches\7.0.2\md-supplier)" [_thread_blocked, id=10544, stack(0x0000003b61100000,0x0000003b61200000)]
  0x000001a10f9d3800 JavaThread "Cache worker for cache directory md-rule (C:\Users\PC\.gradle\caches\7.0.2\md-rule)" [_thread_blocked, id=12988, stack(0x0000003b61b00000,0x0000003b61c00000)]
  0x000001a10f9d4800 JavaThread "Cache worker for dependencies-accessors (C:\Users\PC\AndroidStudioProjects\Gmail\.gradle\7.0.2\dependencies-accessors)" [_thread_blocked, id=16428, stack(0x0000003b62600000,0x0000003b62700000)]
  0x000001a10f9ce800 JavaThread "Cache worker for Build Output Cleanup Cache (C:\Users\PC\AndroidStudioProjects\Gmail\.gradle\buildOutputCleanup)" [_thread_blocked, id=12572, stack(0x0000003b62700000,0x0000003b62800000)]
  0x000001a10f9d5000 JavaThread "Build operations" [_thread_blocked, id=1808, stack(0x0000003b62800000,0x0000003b62900000)]
  0x000001a10f9d6000 JavaThread "Build operations Thread 2" [_thread_blocked, id=14176, stack(0x0000003b62900000,0x0000003b62a00000)]
  0x000001a10f6a6000 JavaThread "Build operations Thread 3" [_thread_blocked, id=11840, stack(0x0000003b62c00000,0x0000003b62d00000)]
  0x000001a10f6a7800 JavaThread "Build operations Thread 4" [_thread_blocked, id=4780, stack(0x0000003b62d00000,0x0000003b62e00000)]
  0x000001a10f6aa000 JavaThread "Build operations Thread 5" [_thread_blocked, id=11652, stack(0x0000003b62e00000,0x0000003b62f00000)]
  0x000001a10f6af000 JavaThread "Build operations Thread 6" [_thread_blocked, id=5692, stack(0x0000003b62f00000,0x0000003b63000000)]
  0x000001a10f6a9800 JavaThread "Build operations Thread 7" [_thread_blocked, id=10004, stack(0x0000003b63000000,0x0000003b63100000)]
  0x000001a10f6b0000 JavaThread "Build operations Thread 8" [_thread_blocked, id=1380, stack(0x0000003b63100000,0x0000003b63200000)]
  0x000001a10f6ab000 JavaThread "build event listener" [_thread_blocked, id=6280, stack(0x0000003b63300000,0x0000003b63400000)]
  0x000001a17dd62800 JavaThread "pool-6-thread-1" [_thread_blocked, id=2432, stack(0x0000003b63400000,0x0000003b63500000)]
  0x000001a17dd63000 JavaThread "build event listener" [_thread_blocked, id=12964, stack(0x0000003b63500000,0x0000003b63600000)]
  0x000001a1168aa800 JavaThread "Execution worker for ':'" [_thread_blocked, id=6772, stack(0x0000003b63800000,0x0000003b63900000)]
  0x000001a1168ab800 JavaThread "Execution worker for ':' Thread 2" [_thread_blocked, id=14728, stack(0x0000003b63900000,0x0000003b63a00000)]
  0x000001a1168ad000 JavaThread "Execution worker for ':' Thread 3" [_thread_blocked, id=12612, stack(0x0000003b63a00000,0x0000003b63b00000)]
  0x000001a1168a9000 JavaThread "Execution worker for ':' Thread 4" [_thread_blocked, id=11268, stack(0x0000003b63b00000,0x0000003b63c00000)]
  0x000001a1168ac000 JavaThread "Execution worker for ':' Thread 5" [_thread_blocked, id=6084, stack(0x0000003b63c00000,0x0000003b63d00000)]
  0x000001a1168a8000 JavaThread "Execution worker for ':' Thread 6" [_thread_blocked, id=13996, stack(0x0000003b63d00000,0x0000003b63e00000)]
  0x000001a1168a7800 JavaThread "Execution worker for ':' Thread 7" [_thread_blocked, id=10860, stack(0x0000003b63e00000,0x0000003b63f00000)]
  0x000001a1168ae000 JavaThread "Cache worker for execution history cache (C:\Users\PC\AndroidStudioProjects\Gmail\.gradle\7.0.2\executionHistory)" [_thread_blocked, id=3344, stack(0x0000003b63f00000,0x0000003b64000000)]
  0x000001a1168af800 JavaThread "WorkerExecutor Queue" [_thread_blocked, id=16244, stack(0x0000003b64000000,0x0000003b64100000)]
  0x000001a1168a9800 JavaThread "pool-7-thread-1" [_thread_blocked, id=16576, stack(0x0000003b63200000,0x0000003b63300000)]
  0x000001a1168b1000 JavaThread "stderr" [_thread_in_native, id=6244, stack(0x0000003b64200000,0x0000003b64300000)]
  0x000001a1168b2800 JavaThread "stderr" [_thread_in_native, id=3436, stack(0x0000003b64300000,0x0000003b64400000)]
  0x000001a1168b0800 JavaThread "stdout" [_thread_in_native, id=14944, stack(0x0000003b64400000,0x0000003b64500000)]
  0x000001a1168b2000 JavaThread "stdout" [_thread_in_native, id=16896, stack(0x0000003b64500000,0x0000003b64600000)]
  0x000001a17c803800 JavaThread "C2 CompilerThread1" daemon [_thread_blocked, id=2188, stack(0x0000003b61000000,0x0000003b61100000)]
  0x000001a1168b3800 JavaThread "WorkerExecutor Queue Thread 2" [_thread_blocked, id=11060, stack(0x0000003b64600000,0x0000003b64700000)]

Other Threads:
=>0x000001a17bacf000 VMThread "VM Thread" [stack: 0x0000003b5fa00000,0x0000003b5fb00000] [id=16012]
  0x000001a17c5d4000 WatcherThread [stack: 0x0000003b60400000,0x0000003b60500000] [id=11736]
  0x000001a170679000 GCTaskThread "GC Thread#0" [stack: 0x0000003b5f500000,0x0000003b5f600000] [id=4268]
  0x000001a17d018800 GCTaskThread "GC Thread#1" [stack: 0x0000003b60700000,0x0000003b60800000] [id=6672]
  0x000001a17cae4000 GCTaskThread "GC Thread#2" [stack: 0x0000003b60800000,0x0000003b60900000] [id=11788]
  0x000001a17e847800 GCTaskThread "GC Thread#3" [stack: 0x0000003b61200000,0x0000003b61300000] [id=692]
  0x000001a17ddca000 GCTaskThread "GC Thread#4" [stack: 0x0000003b61300000,0x0000003b61400000] [id=12184]
  0x000001a17e606000 GCTaskThread "GC Thread#5" [stack: 0x0000003b61400000,0x0000003b61500000] [id=12180]
  0x000001a17edce000 GCTaskThread "GC Thread#6" [stack: 0x0000003b61500000,0x0000003b61600000] [id=2852]
  0x000001a17ea69800 GCTaskThread "GC Thread#7" [stack: 0x0000003b61600000,0x0000003b61700000] [id=3916]
  0x000001a1706aa800 ConcurrentGCThread "G1 Main Marker" [stack: 0x0000003b5f600000,0x0000003b5f700000] [id=11252]
  0x000001a1706ac000 ConcurrentGCThread "G1 Conc#0" [stack: 0x0000003b5f700000,0x0000003b5f800000] [id=7248]
  0x000001a17dd75000 ConcurrentGCThread "G1 Conc#1" [stack: 0x0000003b61900000,0x0000003b61a00000] [id=4296]
  0x000001a17b920800 ConcurrentGCThread "G1 Refine#0" [stack: 0x0000003b5f800000,0x0000003b5f900000] [id=12732]
  0x000001a17b921800 ConcurrentGCThread "G1 Young RemSet Sampling" [stack: 0x0000003b5f900000,0x0000003b5fa00000] [id=4132]

Threads with active compile tasks:
C2 CompilerThread0 485480 20315 %     4       com.android.tools.r8.internal.T6::a @ 2246 (6044 bytes)
C2 CompilerThread1 485480 20472       4       java.util.HashMap::computeIfAbsent (330 bytes)

VM state:at safepoint (normal execution)

VM Mutex/Monitor currently owned by a thread:  ([mutex/lock_event])
[0x000001a170659640] Threads_lock - owner thread: 0x000001a17bacf000
[0x000001a17065aa80] Heap_lock - owner thread: 0x000001a10f6a7800

Heap address: 0x0000000080000000, size: 2048 MB, Compressed Oops mode: 32-bit
Narrow klass base: 0x0000000000000000, Narrow klass shift: 3
Compressed class space size: 1073741824 Address: 0x0000000100000000

Heap:
 garbage-first heap   total 358400K, used 157275K [0x0000000080000000, 0x0000000100000000)
  region size 1024K, 9 young (9216K), 9 survivors (9216K)
 Metaspace       used 131065K, capacity 134553K, committed 134828K, reserved 1167360K
  class space    used 16339K, capacity 17601K, committed 17664K, reserved 1048576K
Heap Regions: E=young(eden), S=young(survivor), O=old, HS=humongous(starts), HC=humongous(continues), CS=collection set, F=free, A=archive, TAMS=top-at-mark-start (previous, next)
|   0|0x0000000080000000, 0x0000000080100000, 0x0000000080100000|100%| O|  |TAMS 0x0000000080100000, 0x0000000080000000| Untracked 
|   1|0x0000000080100000, 0x0000000080200000, 0x0000000080200000|100%| O|  |TAMS 0x0000000080200000, 0x0000000080100000| Untracked 
|   2|0x0000000080200000, 0x0000000080300000, 0x0000000080300000|100%| O|  |TAMS 0x0000000080300000, 0x0000000080200000| Untracked 
|   3|0x0000000080300000, 0x0000000080400000, 0x0000000080400000|100%|HS|  |TAMS 0x0000000080400000, 0x0000000080300000| Complete 
|   4|0x0000000080400000, 0x0000000080500000, 0x0000000080500000|100%|HC|  |TAMS 0x0000000080500000, 0x0000000080400000| Complete 
|   5|0x0000000080500000, 0x0000000080600000, 0x0000000080600000|100%|HC|  |TAMS 0x0000000080600000, 0x0000000080500000| Complete 
|   6|0x0000000080600000, 0x0000000080700000, 0x0000000080700000|100%| O|  |TAMS 0x0000000080700000, 0x0000000080600000| Untracked 
|   7|0x0000000080700000, 0x0000000080800000, 0x0000000080800000|100%| O|  |TAMS 0x0000000080800000, 0x0000000080700000| Untracked 
|   8|0x0000000080800000, 0x0000000080900000, 0x0000000080900000|100%| O|  |TAMS 0x0000000080900000, 0x0000000080800000| Untracked 
|   9|0x0000000080900000, 0x0000000080a00000, 0x0000000080a00000|100%| O|  |TAMS 0x0000000080a00000, 0x0000000080900000| Untracked 
|  10|0x0000000080a00000, 0x0000000080b00000, 0x0000000080b00000|100%| O|  |TAMS 0x0000000080b00000, 0x0000000080a00000| Untracked 
|  11|0x0000000080b00000, 0x0000000080c00000, 0x0000000080c00000|100%| O|  |TAMS 0x0000000080c00000, 0x0000000080b00000| Untracked 
|  12|0x0000000080c00000, 0x0000000080d00000, 0x0000000080d00000|100%| O|  |TAMS 0x0000000080d00000, 0x0000000080c00000| Untracked 
|  13|0x0000000080d00000, 0x0000000080e00000, 0x0000000080e00000|100%| O|  |TAMS 0x0000000080e00000, 0x0000000080d00000| Untracked 
|  14|0x0000000080e00000, 0x0000000080f00000, 0x0000000080f00000|100%| O|  |TAMS 0x0000000080f00000, 0x0000000080e00000| Untracked 
|  15|0x0000000080f00000, 0x0000000081000000, 0x0000000081000000|100%| O|  |TAMS 0x0000000081000000, 0x0000000080f00000| Untracked 
|  16|0x0000000081000000, 0x0000000081100000, 0x0000000081100000|100%| O|  |TAMS 0x0000000081100000, 0x0000000081000000| Untracked 
|  17|0x0000000081100000, 0x0000000081200000, 0x0000000081200000|100%|HS|  |TAMS 0x0000000081200000, 0x0000000081100000| Complete 
|  18|0x0000000081200000, 0x0000000081300000, 0x0000000081300000|100%|HC|  |TAMS 0x0000000081300000, 0x0000000081200000| Complete 
|  19|0x0000000081300000, 0x0000000081400000, 0x0000000081400000|100%|HS|  |TAMS 0x0000000081400000, 0x0000000081300000| Complete 
|  20|0x0000000081400000, 0x0000000081500000, 0x0000000081500000|100%|HC|  |TAMS 0x0000000081500000, 0x0000000081400000| Complete 
|  21|0x0000000081500000, 0x0000000081600000, 0x0000000081600000|100%|HC|  |TAMS 0x0000000081600000, 0x0000000081500000| Complete 
|  22|0x0000000081600000, 0x0000000081700000, 0x0000000081700000|100%|HS|  |TAMS 0x0000000081700000, 0x0000000081600000| Complete 
|  23|0x0000000081700000, 0x0000000081800000, 0x0000000081800000|100%|HC|  |TAMS 0x0000000081800000, 0x0000000081700000| Complete 
|  24|0x0000000081800000, 0x0000000081900000, 0x0000000081900000|100%|HC|  |TAMS 0x0000000081900000, 0x0000000081800000| Complete 
|  25|0x0000000081900000, 0x0000000081a00000, 0x0000000081a00000|100%|HC|  |TAMS 0x0000000081a00000, 0x0000000081900000| Complete 
|  26|0x0000000081a00000, 0x0000000081b00000, 0x0000000081b00000|100%|HC|  |TAMS 0x0000000081b00000, 0x0000000081a00000| Complete 
|  27|0x0000000081b00000, 0x0000000081c00000, 0x0000000081c00000|100%| O|  |TAMS 0x0000000081c00000, 0x0000000081b00000| Untracked 
|  28|0x0000000081c00000, 0x0000000081d00000, 0x0000000081d00000|100%| O|  |TAMS 0x0000000081d00000, 0x0000000081c00000| Untracked 
|  29|0x0000000081d00000, 0x0000000081e00000, 0x0000000081e00000|100%| O|  |TAMS 0x0000000081e00000, 0x0000000081d00000| Untracked 
|  30|0x0000000081e00000, 0x0000000081f00000, 0x0000000081f00000|100%| O|  |TAMS 0x0000000081f00000, 0x0000000081e00000| Untracked 
|  31|0x0000000081f00000, 0x0000000082000000, 0x0000000082000000|100%| O|  |TAMS 0x0000000082000000, 0x0000000081f00000| Untracked 
|  32|0x0000000082000000, 0x0000000082100000, 0x0000000082100000|100%| O|  |TAMS 0x0000000082100000, 0x0000000082000000| Untracked 
|  33|0x0000000082100000, 0x0000000082200000, 0x0000000082200000|100%|HS|  |TAMS 0x0000000082200000, 0x0000000082100000| Complete 
|  34|0x0000000082200000, 0x0000000082300000, 0x0000000082300000|100%|HC|  |TAMS 0x0000000082300000, 0x0000000082200000| Complete 
|  35|0x0000000082300000, 0x0000000082400000, 0x0000000082400000|100%|HC|  |TAMS 0x0000000082400000, 0x0000000082300000| Complete 
|  36|0x0000000082400000, 0x0000000082500000, 0x0000000082500000|100%|HC|  |TAMS 0x0000000082500000, 0x0000000082400000| Complete 
|  37|0x0000000082500000, 0x0000000082600000, 0x0000000082600000|100%|HC|  |TAMS 0x0000000082600000, 0x0000000082500000| Complete 
|  38|0x0000000082600000, 0x0000000082700000, 0x0000000082700000|100%| O|  |TAMS 0x0000000082700000, 0x0000000082600000| Untracked 
|  39|0x0000000082700000, 0x0000000082800000, 0x0000000082800000|100%| O|  |TAMS 0x0000000082800000, 0x0000000082700000| Untracked 
|  40|0x0000000082800000, 0x0000000082900000, 0x0000000082900000|100%|HS|  |TAMS 0x0000000082900000, 0x0000000082800000| Complete 
|  41|0x0000000082900000, 0x0000000082a00000, 0x0000000082a00000|100%|HC|  |TAMS 0x0000000082a00000, 0x0000000082900000| Complete 
|  42|0x0000000082a00000, 0x0000000082b00000, 0x0000000082b00000|100%|HC|  |TAMS 0x0000000082b00000, 0x0000000082a00000| Complete 
|  43|0x0000000082b00000, 0x0000000082c00000, 0x0000000082c00000|100%| O|  |TAMS 0x0000000082c00000, 0x0000000082b00000| Untracked 
|  44|0x0000000082c00000, 0x0000000082d00000, 0x0000000082d00000|100%| O|  |TAMS 0x0000000082d00000, 0x0000000082c00000| Untracked 
|  45|0x0000000082d00000, 0x0000000082e00000, 0x0000000082e00000|100%| O|  |TAMS 0x0000000082e00000, 0x0000000082d00000| Untracked 
|  46|0x0000000082e00000, 0x0000000082f00000, 0x0000000082f00000|100%| O|  |TAMS 0x0000000082f00000, 0x0000000082e00000| Untracked 
|  47|0x0000000082f00000, 0x0000000083000000, 0x0000000083000000|100%| O|  |TAMS 0x0000000083000000, 0x0000000082f00000| Untracked 
|  48|0x0000000083000000, 0x0000000083100000, 0x0000000083100000|100%|HS|  |TAMS 0x0000000083100000, 0x0000000083000000| Complete 
|  49|0x0000000083100000, 0x0000000083200000, 0x0000000083200000|100%| O|  |TAMS 0x0000000083200000, 0x0000000083100000| Untracked 
|  50|0x0000000083200000, 0x0000000083300000, 0x0000000083300000|100%| O|  |TAMS 0x0000000083300000, 0x0000000083200000| Untracked 
|  51|0x0000000083300000, 0x0000000083400000, 0x0000000083400000|100%| O|  |TAMS 0x0000000083400000, 0x0000000083300000| Untracked 
|  52|0x0000000083400000, 0x0000000083500000, 0x0000000083500000|100%|HS|  |TAMS 0x0000000083500000, 0x0000000083400000| Complete 
|  53|0x0000000083500000, 0x0000000083600000, 0x0000000083600000|100%| O|  |TAMS 0x0000000083600000, 0x0000000083500000| Untracked 
|  54|0x0000000083600000, 0x0000000083700000, 0x0000000083700000|100%| O|  |TAMS 0x0000000083700000, 0x0000000083600000| Untracked 
|  55|0x0000000083700000, 0x0000000083800000, 0x0000000083800000|100%| O|  |TAMS 0x0000000083800000, 0x0000000083700000| Untracked 
|  56|0x0000000083800000, 0x0000000083900000, 0x0000000083900000|100%|HS|  |TAMS 0x0000000083900000, 0x0000000083800000| Complete 
|  57|0x0000000083900000, 0x0000000083a00000, 0x0000000083a00000|100%|HC|  |TAMS 0x0000000083a00000, 0x0000000083900000| Complete 
|  58|0x0000000083a00000, 0x0000000083b00000, 0x0000000083b00000|100%| O|  |TAMS 0x0000000083b00000, 0x0000000083a00000| Untracked 
|  59|0x0000000083b00000, 0x0000000083c00000, 0x0000000083c00000|100%| O|  |TAMS 0x0000000083c00000, 0x0000000083b00000| Untracked 
|  60|0x0000000083c00000, 0x0000000083d00000, 0x0000000083d00000|100%| O|  |TAMS 0x0000000083d00000, 0x0000000083c00000| Untracked 
|  61|0x0000000083d00000, 0x0000000083e00000, 0x0000000083e00000|100%| O|  |TAMS 0x0000000083e00000, 0x0000000083d00000| Untracked 
|  62|0x0000000083e00000, 0x0000000083f00000, 0x0000000083f00000|100%| O|  |TAMS 0x0000000083f00000, 0x0000000083e00000| Untracked 
|  63|0x0000000083f00000, 0x0000000084000000, 0x0000000084000000|100%| O|  |TAMS 0x0000000084000000, 0x0000000083f00000| Untracked 
|  64|0x0000000084000000, 0x0000000084100000, 0x0000000084100000|100%| O|  |TAMS 0x0000000084100000, 0x0000000084000000| Untracked 
|  65|0x0000000084100000, 0x0000000084200000, 0x0000000084200000|100%| O|  |TAMS 0x0000000084200000, 0x0000000084100000| Untracked 
|  66|0x0000000084200000, 0x0000000084300000, 0x0000000084300000|100%| O|  |TAMS 0x0000000084300000, 0x0000000084200000| Untracked 
|  67|0x0000000084300000, 0x0000000084400000, 0x0000000084400000|100%| O|  |TAMS 0x0000000084400000, 0x0000000084300000| Untracked 
|  68|0x0000000084400000, 0x0000000084500000, 0x0000000084500000|100%| O|  |TAMS 0x0000000084500000, 0x0000000084400000| Untracked 
|  69|0x0000000084500000, 0x0000000084600000, 0x0000000084600000|100%| O|  |TAMS 0x0000000084600000, 0x0000000084500000| Untracked 
|  70|0x0000000084600000, 0x0000000084700000, 0x0000000084700000|100%| O|  |TAMS 0x0000000084700000, 0x0000000084600000| Untracked 
|  71|0x0000000084700000, 0x0000000084800000, 0x0000000084800000|100%| O|  |TAMS 0x0000000084700000, 0x0000000084700000| Untracked 
|  72|0x0000000084800000, 0x00000000848ffff8, 0x0000000084900000| 99%| O|  |TAMS 0x0000000084800000, 0x0000000084800000| Untracked 
|  73|0x0000000084900000, 0x0000000084a00000, 0x0000000084a00000|100%| O|  |TAMS 0x0000000084a00000, 0x0000000084900000| Untracked 
|  74|0x0000000084a00000, 0x0000000084b00000, 0x0000000084b00000|100%| O|  |TAMS 0x0000000084b00000, 0x0000000084a00000| Untracked 
|  75|0x0000000084b00000, 0x0000000084c00000, 0x0000000084c00000|100%| O|  |TAMS 0x0000000084c00000, 0x0000000084b00000| Untracked 
|  76|0x0000000084c00000, 0x0000000084d00000, 0x0000000084d00000|100%| O|  |TAMS 0x0000000084d00000, 0x0000000084c00000| Untracked 
|  77|0x0000000084d00000, 0x0000000084e00000, 0x0000000084e00000|100%| O|  |TAMS 0x0000000084e00000, 0x0000000084d00000| Untracked 
|  78|0x0000000084e00000, 0x0000000084f00000, 0x0000000084f00000|100%| O|  |TAMS 0x0000000084f00000, 0x0000000084e00000| Untracked 
|  79|0x0000000084f00000, 0x0000000085000000, 0x0000000085000000|100%| O|  |TAMS 0x0000000085000000, 0x0000000084f00000| Untracked 
|  80|0x0000000085000000, 0x0000000085100000, 0x0000000085100000|100%| O|  |TAMS 0x0000000085100000, 0x0000000085000000| Untracked 
|  81|0x0000000085100000, 0x0000000085200000, 0x0000000085200000|100%| O|  |TAMS 0x0000000085200000, 0x0000000085100000| Untracked 
|  82|0x0000000085200000, 0x0000000085300000, 0x0000000085300000|100%| O|  |TAMS 0x0000000085300000, 0x0000000085200000| Untracked 
|  83|0x0000000085300000, 0x0000000085400000, 0x0000000085400000|100%| O|  |TAMS 0x0000000085400000, 0x0000000085300000| Untracked 
|  84|0x0000000085400000, 0x0000000085500000, 0x0000000085500000|100%| O|  |TAMS 0x0000000085500000, 0x0000000085400000| Untracked 
|  85|0x0000000085500000, 0x0000000085600000, 0x0000000085600000|100%| O|  |TAMS 0x0000000085600000, 0x0000000085500000| Untracked 
|  86|0x0000000085600000, 0x0000000085700000, 0x0000000085700000|100%| O|  |TAMS 0x0000000085700000, 0x0000000085600000| Untracked 
|  87|0x0000000085700000, 0x0000000085800000, 0x0000000085800000|100%| O|  |TAMS 0x0000000085800000, 0x0000000085700000| Untracked 
|  88|0x0000000085800000, 0x0000000085900000, 0x0000000085900000|100%| O|  |TAMS 0x0000000085900000, 0x0000000085800000| Untracked 
|  89|0x0000000085900000, 0x0000000085a00000, 0x0000000085a00000|100%| O|  |TAMS 0x0000000085a00000, 0x0000000085900000| Untracked 
|  90|0x0000000085a00000, 0x0000000085b00000, 0x0000000085b00000|100%| O|  |TAMS 0x0000000085b00000, 0x0000000085a00000| Untracked 
|  91|0x0000000085b00000, 0x0000000085c00000, 0x0000000085c00000|100%| O|  |TAMS 0x0000000085c00000, 0x0000000085b00000| Untracked 
|  92|0x0000000085c00000, 0x0000000085d00000, 0x0000000085d00000|100%| O|  |TAMS 0x0000000085d00000, 0x0000000085c00000| Untracked 
|  93|0x0000000085d00000, 0x0000000085e00000, 0x0000000085e00000|100%| O|  |TAMS 0x0000000085e00000, 0x0000000085d00000| Untracked 
|  94|0x0000000085e00000, 0x0000000085f00000, 0x0000000085f00000|100%| O|  |TAMS 0x0000000085f00000, 0x0000000085e00000| Untracked 
|  95|0x0000000085f00000, 0x0000000086000000, 0x0000000086000000|100%| O|  |TAMS 0x0000000086000000, 0x0000000085f00000| Untracked 
|  96|0x0000000086000000, 0x0000000086100000, 0x0000000086100000|100%| O|  |TAMS 0x0000000086100000, 0x0000000086000000| Untracked 
|  97|0x0000000086100000, 0x0000000086200000, 0x0000000086200000|100%| O|  |TAMS 0x0000000086200000, 0x0000000086100000| Untracked 
|  98|0x0000000086200000, 0x0000000086300000, 0x0000000086300000|100%| O|  |TAMS 0x0000000086300000, 0x0000000086200000| Untracked 
|  99|0x0000000086300000, 0x0000000086400000, 0x0000000086400000|100%| O|  |TAMS 0x0000000086400000, 0x0000000086300000| Untracked 
| 100|0x0000000086400000, 0x0000000086500000, 0x0000000086500000|100%| O|  |TAMS 0x0000000086500000, 0x0000000086400000| Untracked 
| 101|0x0000000086500000, 0x0000000086600000, 0x0000000086600000|100%| O|  |TAMS 0x0000000086500000, 0x0000000086500000| Untracked 
| 102|0x0000000086600000, 0x0000000086700000, 0x0000000086700000|100%| O|  |TAMS 0x0000000086700000, 0x0000000086600000| Untracked 
| 103|0x0000000086700000, 0x0000000086800000, 0x0000000086800000|100%| O|  |TAMS 0x0000000086800000, 0x0000000086700000| Untracked 
| 104|0x0000000086800000, 0x0000000086900000, 0x0000000086900000|100%| O|  |TAMS 0x0000000086900000, 0x0000000086800000| Untracked 
| 105|0x0000000086900000, 0x0000000086a00000, 0x0000000086a00000|100%| O|  |TAMS 0x0000000086a00000, 0x0000000086900000| Untracked 
| 106|0x0000000086a00000, 0x0000000086b00000, 0x0000000086b00000|100%| O|  |TAMS 0x0000000086b00000, 0x0000000086a00000| Untracked 
| 107|0x0000000086b00000, 0x0000000086c00000, 0x0000000086c00000|100%| O|  |TAMS 0x0000000086c00000, 0x0000000086b00000| Untracked 
| 108|0x0000000086c00000, 0x0000000086d00000, 0x0000000086d00000|100%| O|  |TAMS 0x0000000086d00000, 0x0000000086c00000| Untracked 
| 109|0x0000000086d00000, 0x0000000086e00000, 0x0000000086e00000|100%| O|  |TAMS 0x0000000086e00000, 0x0000000086d00000| Untracked 
| 110|0x0000000086e00000, 0x0000000086f00000, 0x0000000086f00000|100%| O|  |TAMS 0x0000000086f00000, 0x0000000086e00000| Untracked 
| 111|0x0000000086f00000, 0x0000000087000000, 0x0000000087000000|100%| O|  |TAMS 0x0000000087000000, 0x0000000086f00000| Untracked 
| 112|0x0000000087000000, 0x0000000087100000, 0x0000000087100000|100%| O|  |TAMS 0x0000000087100000, 0x0000000087000000| Untracked 
| 113|0x0000000087100000, 0x0000000087200000, 0x0000000087200000|100%| O|  |TAMS 0x0000000087200000, 0x0000000087100000| Untracked 
| 114|0x0000000087200000, 0x0000000087300000, 0x0000000087300000|100%| O|  |TAMS 0x0000000087300000, 0x0000000087200000| Untracked 
| 115|0x0000000087300000, 0x0000000087400000, 0x0000000087400000|100%| O|  |TAMS 0x0000000087400000, 0x0000000087300000| Untracked 
| 116|0x0000000087400000, 0x0000000087500000, 0x0000000087500000|100%| O|  |TAMS 0x0000000087500000, 0x0000000087400000| Untracked 
| 117|0x0000000087500000, 0x0000000087600000, 0x0000000087600000|100%| O|  |TAMS 0x0000000087600000, 0x0000000087500000| Untracked 
| 118|0x0000000087600000, 0x0000000087700000, 0x0000000087700000|100%| O|  |TAMS 0x0000000087700000, 0x0000000087600000| Untracked 
| 119|0x0000000087700000, 0x0000000087800000, 0x0000000087800000|100%| O|  |TAMS 0x0000000087800000, 0x0000000087700000| Untracked 
| 120|0x0000000087800000, 0x0000000087900000, 0x0000000087900000|100%| O|  |TAMS 0x0000000087900000, 0x0000000087800000| Untracked 
| 121|0x0000000087900000, 0x0000000087a00000, 0x0000000087a00000|100%| O|  |TAMS 0x0000000087a00000, 0x0000000087900000| Untracked 
| 122|0x0000000087a00000, 0x0000000087b00000, 0x0000000087b00000|100%| O|  |TAMS 0x0000000087b00000, 0x0000000087a00000| Untracked 
| 123|0x0000000087b00000, 0x0000000087c00000, 0x0000000087c00000|100%| O|  |TAMS 0x0000000087c00000, 0x0000000087b00000| Untracked 
| 124|0x0000000087c00000, 0x0000000087d00000, 0x0000000087d00000|100%| O|  |TAMS 0x0000000087d00000, 0x0000000087c00000| Untracked 
| 125|0x0000000087d00000, 0x0000000087e00000, 0x0000000087e00000|100%| O|  |TAMS 0x0000000087e00000, 0x0000000087d00000| Untracked 
| 126|0x0000000087e00000, 0x0000000087f00000, 0x0000000087f00000|100%| O|  |TAMS 0x0000000087e00000, 0x0000000087e00000| Untracked 
| 127|0x0000000087f00000, 0x0000000088000000, 0x0000000088000000|100%| O|  |TAMS 0x0000000088000000, 0x0000000087f00000| Untracked 
| 128|0x0000000088000000, 0x0000000088100000, 0x0000000088100000|100%| O|  |TAMS 0x0000000088100000, 0x0000000088000000| Untracked 
| 129|0x0000000088100000, 0x0000000088200000, 0x0000000088200000|100%| O|  |TAMS 0x0000000088100000, 0x0000000088100000| Untracked 
| 130|0x0000000088200000, 0x0000000088300000, 0x0000000088300000|100%| O|  |TAMS 0x0000000088300000, 0x0000000088200000| Untracked 
| 131|0x0000000088300000, 0x0000000088400000, 0x0000000088400000|100%| O|  |TAMS 0x0000000088400000, 0x0000000088300000| Untracked 
| 132|0x0000000088400000, 0x0000000088500000, 0x0000000088500000|100%| O|  |TAMS 0x0000000088500000, 0x0000000088400000| Untracked 
| 133|0x0000000088500000, 0x0000000088600000, 0x0000000088600000|100%| O|  |TAMS 0x0000000088600000, 0x0000000088500000| Untracked 
| 134|0x0000000088600000, 0x0000000088700000, 0x0000000088700000|100%| O|  |TAMS 0x0000000088700000, 0x0000000088600000| Untracked 
| 135|0x0000000088700000, 0x0000000088800000, 0x0000000088800000|100%| O|  |TAMS 0x0000000088800000, 0x0000000088700000| Untracked 
| 136|0x0000000088800000, 0x0000000088900000, 0x0000000088900000|100%| O|  |TAMS 0x0000000088900000, 0x0000000088800000| Untracked 
| 137|0x0000000088900000, 0x0000000088a00000, 0x0000000088a00000|100%| O|  |TAMS 0x0000000088a00000, 0x0000000088900000| Untracked 
| 138|0x0000000088a00000, 0x0000000088b00000, 0x0000000088b00000|100%| O|  |TAMS 0x0000000088b00000, 0x0000000088a00000| Untracked 
| 139|0x0000000088b00000, 0x0000000088b3f400, 0x0000000088c00000| 24%| O|  |TAMS 0x0000000088b00000, 0x0000000088b00000| Untracked 
| 140|0x0000000088c00000, 0x0000000088d00000, 0x0000000088d00000|100%| O|  |TAMS 0x0000000088d00000, 0x0000000088c00000| Untracked 
| 141|0x0000000088d00000, 0x0000000088e00000, 0x0000000088e00000|100%| O|  |TAMS 0x0000000088e00000, 0x0000000088d00000| Untracked 
| 142|0x0000000088e00000, 0x0000000088f00000, 0x0000000088f00000|100%| O|  |TAMS 0x0000000088f00000, 0x0000000088e00000| Untracked 
| 143|0x0000000088f00000, 0x0000000089000000, 0x0000000089000000|100%| O|  |TAMS 0x0000000089000000, 0x0000000088f00000| Untracked 
| 144|0x0000000089000000, 0x0000000089100000, 0x0000000089100000|100%| O|  |TAMS 0x0000000089100000, 0x0000000089000000| Untracked 
| 145|0x0000000089100000, 0x0000000089200000, 0x0000000089200000|100%| O|  |TAMS 0x0000000089100000, 0x0000000089100000| Untracked 
| 146|0x0000000089200000, 0x0000000089200000, 0x0000000089300000|  0%| F|  |TAMS 0x0000000089200000, 0x0000000089200000| Untracked 
| 147|0x0000000089300000, 0x0000000089300000, 0x0000000089400000|  0%| F|  |TAMS 0x0000000089300000, 0x0000000089300000| Untracked 
| 148|0x0000000089400000, 0x0000000089400000, 0x0000000089500000|  0%| F|  |TAMS 0x0000000089400000, 0x0000000089400000| Untracked 
| 149|0x0000000089500000, 0x0000000089500000, 0x0000000089600000|  0%| F|  |TAMS 0x0000000089500000, 0x0000000089500000| Untracked 
| 150|0x0000000089600000, 0x0000000089600000, 0x0000000089700000|  0%| F|  |TAMS 0x0000000089600000, 0x0000000089600000| Untracked 
| 151|0x0000000089700000, 0x0000000089700000, 0x0000000089800000|  0%| F|  |TAMS 0x0000000089700000, 0x0000000089700000| Untracked 
| 152|0x0000000089800000, 0x0000000089800000, 0x0000000089900000|  0%| F|  |TAMS 0x0000000089800000, 0x0000000089800000| Untracked 
| 153|0x0000000089900000, 0x0000000089900000, 0x0000000089a00000|  0%| F|  |TAMS 0x0000000089900000, 0x0000000089900000| Untracked 
| 154|0x0000000089a00000, 0x0000000089a00000, 0x0000000089b00000|  0%| F|  |TAMS 0x0000000089a00000, 0x0000000089a00000| Untracked 
| 155|0x0000000089b00000, 0x0000000089b00000, 0x0000000089c00000|  0%| F|  |TAMS 0x0000000089b00000, 0x0000000089b00000| Untracked 
| 156|0x0000000089c00000, 0x0000000089c00000, 0x0000000089d00000|  0%| F|  |TAMS 0x0000000089c00000, 0x0000000089c00000| Untracked 
| 157|0x0000000089d00000, 0x0000000089d00000, 0x0000000089e00000|  0%| F|  |TAMS 0x0000000089d00000, 0x0000000089d00000| Untracked 
| 158|0x0000000089e00000, 0x0000000089e00000, 0x0000000089f00000|  0%| F|  |TAMS 0x0000000089e00000, 0x0000000089e00000| Untracked 
| 159|0x0000000089f00000, 0x0000000089f00000, 0x000000008a000000|  0%| F|  |TAMS 0x0000000089f00000, 0x0000000089f00000| Untracked 
| 160|0x000000008a000000, 0x000000008a000000, 0x000000008a100000|  0%| F|  |TAMS 0x000000008a000000, 0x000000008a000000| Untracked 
| 161|0x000000008a100000, 0x000000008a100000, 0x000000008a200000|  0%| F|  |TAMS 0x000000008a100000, 0x000000008a100000| Untracked 
| 162|0x000000008a200000, 0x000000008a200000, 0x000000008a300000|  0%| F|  |TAMS 0x000000008a200000, 0x000000008a200000| Untracked 
| 163|0x000000008a300000, 0x000000008a300000, 0x000000008a400000|  0%| F|  |TAMS 0x000000008a300000, 0x000000008a300000| Untracked 
| 164|0x000000008a400000, 0x000000008a400000, 0x000000008a500000|  0%| F|  |TAMS 0x000000008a400000, 0x000000008a400000| Untracked 
| 165|0x000000008a500000, 0x000000008a500000, 0x000000008a600000|  0%| F|  |TAMS 0x000000008a500000, 0x000000008a500000| Untracked 
| 166|0x000000008a600000, 0x000000008a600000, 0x000000008a700000|  0%| F|  |TAMS 0x000000008a600000, 0x000000008a600000| Untracked 
| 167|0x000000008a700000, 0x000000008a700000, 0x000000008a800000|  0%| F|  |TAMS 0x000000008a700000, 0x000000008a700000| Untracked 
| 168|0x000000008a800000, 0x000000008a800000, 0x000000008a900000|  0%| F|  |TAMS 0x000000008a800000, 0x000000008a800000| Untracked 
| 169|0x000000008a900000, 0x000000008a900000, 0x000000008aa00000|  0%| F|  |TAMS 0x000000008a900000, 0x000000008a900000| Untracked 
| 170|0x000000008aa00000, 0x000000008aa00000, 0x000000008ab00000|  0%| F|  |TAMS 0x000000008aa00000, 0x000000008aa00000| Untracked 
| 171|0x000000008ab00000, 0x000000008ab00000, 0x000000008ac00000|  0%| F|  |TAMS 0x000000008ab00000, 0x000000008ab00000| Untracked 
| 172|0x000000008ac00000, 0x000000008ac00000, 0x000000008ad00000|  0%| F|  |TAMS 0x000000008ac00000, 0x000000008ac00000| Untracked 
| 173|0x000000008ad00000, 0x000000008ad00000, 0x000000008ae00000|  0%| F|  |TAMS 0x000000008ad00000, 0x000000008ad00000| Untracked 
| 174|0x000000008ae00000, 0x000000008ae00000, 0x000000008af00000|  0%| F|  |TAMS 0x000000008ae00000, 0x000000008ae00000| Untracked 
| 175|0x000000008af00000, 0x000000008af57b50, 0x000000008b000000| 34%| S|CS|TAMS 0x000000008af00000, 0x000000008af00000| Complete 
| 176|0x000000008b000000, 0x000000008b000000, 0x000000008b100000|  0%| F|  |TAMS 0x000000008b000000, 0x000000008b000000| Untracked 
| 177|0x000000008b100000, 0x000000008b100000, 0x000000008b200000|  0%| F|  |TAMS 0x000000008b100000, 0x000000008b100000| Untracked 
| 178|0x000000008b200000, 0x000000008b200000, 0x000000008b300000|  0%| F|  |TAMS 0x000000008b200000, 0x000000008b200000| Untracked 
| 179|0x000000008b300000, 0x000000008b400000, 0x000000008b400000|100%| S|CS|TAMS 0x000000008b300000, 0x000000008b300000| Complete 
| 180|0x000000008b400000, 0x000000008b500000, 0x000000008b500000|100%| S|CS|TAMS 0x000000008b400000, 0x000000008b400000| Complete 
| 181|0x000000008b500000, 0x000000008b600000, 0x000000008b600000|100%| S|CS|TAMS 0x000000008b500000, 0x000000008b500000| Complete 
| 182|0x000000008b600000, 0x000000008b600000, 0x000000008b700000|  0%| F|  |TAMS 0x000000008b600000, 0x000000008b600000| Untracked 
| 183|0x000000008b700000, 0x000000008b700000, 0x000000008b800000|  0%| F|  |TAMS 0x000000008b700000, 0x000000008b700000| Untracked 
| 184|0x000000008b800000, 0x000000008b800000, 0x000000008b900000|  0%| F|  |TAMS 0x000000008b800000, 0x000000008b800000| Untracked 
| 185|0x000000008b900000, 0x000000008ba00000, 0x000000008ba00000|100%| S|CS|TAMS 0x000000008b900000, 0x000000008b900000| Complete 
| 186|0x000000008ba00000, 0x000000008bb00000, 0x000000008bb00000|100%| S|CS|TAMS 0x000000008ba00000, 0x000000008ba00000| Complete 
| 187|0x000000008bb00000, 0x000000008bc00000, 0x000000008bc00000|100%| S|CS|TAMS 0x000000008bb00000, 0x000000008bb00000| Complete 
| 188|0x000000008bc00000, 0x000000008bd00000, 0x000000008bd00000|100%| S|CS|TAMS 0x000000008bc00000, 0x000000008bc00000| Complete 
| 189|0x000000008bd00000, 0x000000008bd00000, 0x000000008be00000|  0%| F|  |TAMS 0x000000008bd00000, 0x000000008bd00000| Untracked 
| 190|0x000000008be00000, 0x000000008be00000, 0x000000008bf00000|  0%| F|  |TAMS 0x000000008be00000, 0x000000008be00000| Untracked 
| 191|0x000000008bf00000, 0x000000008c000000, 0x000000008c000000|100%| S|CS|TAMS 0x000000008bf00000, 0x000000008bf00000| Complete 
| 192|0x000000008c000000, 0x000000008c000000, 0x000000008c100000|  0%| F|  |TAMS 0x000000008c000000, 0x000000008c000000| Untracked 
| 193|0x000000008c100000, 0x000000008c100000, 0x000000008c200000|  0%| F|  |TAMS 0x000000008c100000, 0x000000008c100000| Untracked 
| 194|0x000000008c200000, 0x000000008c200000, 0x000000008c300000|  0%| F|  |TAMS 0x000000008c200000, 0x000000008c200000| Untracked 
| 195|0x000000008c300000, 0x000000008c300000, 0x000000008c400000|  0%| F|  |TAMS 0x000000008c300000, 0x000000008c300000| Untracked 
| 196|0x000000008c400000, 0x000000008c400000, 0x000000008c500000|  0%| F|  |TAMS 0x000000008c400000, 0x000000008c400000| Untracked 
| 197|0x000000008c500000, 0x000000008c500000, 0x000000008c600000|  0%| F|  |TAMS 0x000000008c500000, 0x000000008c500000| Untracked 
| 198|0x000000008c600000, 0x000000008c600000, 0x000000008c700000|  0%| F|  |TAMS 0x000000008c600000, 0x000000008c600000| Untracked 
| 199|0x000000008c700000, 0x000000008c700000, 0x000000008c800000|  0%| F|  |TAMS 0x000000008c700000, 0x000000008c700000| Untracked 
| 200|0x000000008c800000, 0x000000008c800000, 0x000000008c900000|  0%| F|  |TAMS 0x000000008c800000, 0x000000008c800000| Untracked 
| 201|0x000000008c900000, 0x000000008c900000, 0x000000008ca00000|  0%| F|  |TAMS 0x000000008c900000, 0x000000008c900000| Untracked 
| 202|0x000000008ca00000, 0x000000008ca00000, 0x000000008cb00000|  0%| F|  |TAMS 0x000000008ca00000, 0x000000008ca00000| Untracked 
| 203|0x000000008cb00000, 0x000000008cb00000, 0x000000008cc00000|  0%| F|  |TAMS 0x000000008cb00000, 0x000000008cb00000| Untracked 
| 204|0x000000008cc00000, 0x000000008cc00000, 0x000000008cd00000|  0%| F|  |TAMS 0x000000008cc00000, 0x000000008cc00000| Untracked 
| 205|0x000000008cd00000, 0x000000008cd00000, 0x000000008ce00000|  0%| F|  |TAMS 0x000000008cd00000, 0x000000008cd00000| Untracked 
| 206|0x000000008ce00000, 0x000000008ce00000, 0x000000008cf00000|  0%| F|  |TAMS 0x000000008ce00000, 0x000000008ce00000| Untracked 
| 207|0x000000008cf00000, 0x000000008cf00000, 0x000000008d000000|  0%| F|  |TAMS 0x000000008cf00000, 0x000000008cf00000| Untracked 
| 208|0x000000008d000000, 0x000000008d000000, 0x000000008d100000|  0%| F|  |TAMS 0x000000008d000000, 0x000000008d000000| Untracked 
| 209|0x000000008d100000, 0x000000008d100000, 0x000000008d200000|  0%| F|  |TAMS 0x000000008d100000, 0x000000008d100000| Untracked 
| 210|0x000000008d200000, 0x000000008d200000, 0x000000008d300000|  0%| F|  |TAMS 0x000000008d200000, 0x000000008d200000| Untracked 
| 211|0x000000008d300000, 0x000000008d300000, 0x000000008d400000|  0%| F|  |TAMS 0x000000008d300000, 0x000000008d300000| Untracked 
| 212|0x000000008d400000, 0x000000008d400000, 0x000000008d500000|  0%| F|  |TAMS 0x000000008d400000, 0x000000008d400000| Untracked 
| 213|0x000000008d500000, 0x000000008d500000, 0x000000008d600000|  0%| F|  |TAMS 0x000000008d500000, 0x000000008d500000| Untracked 
| 214|0x000000008d600000, 0x000000008d600000, 0x000000008d700000|  0%| F|  |TAMS 0x000000008d600000, 0x000000008d600000| Untracked 
| 215|0x000000008d700000, 0x000000008d700000, 0x000000008d800000|  0%| F|  |TAMS 0x000000008d700000, 0x000000008d700000| Untracked 
| 216|0x000000008d800000, 0x000000008d800000, 0x000000008d900000|  0%| F|  |TAMS 0x000000008d800000, 0x000000008d800000| Untracked 
| 217|0x000000008d900000, 0x000000008d900000, 0x000000008da00000|  0%| F|  |TAMS 0x000000008d900000, 0x000000008d900000| Untracked 
| 218|0x000000008da00000, 0x000000008da00000, 0x000000008db00000|  0%| F|  |TAMS 0x000000008da00000, 0x000000008da00000| Untracked 
| 219|0x000000008db00000, 0x000000008db00000, 0x000000008dc00000|  0%| F|  |TAMS 0x000000008db00000, 0x000000008db00000| Untracked 
| 220|0x000000008dc00000, 0x000000008dc00000, 0x000000008dd00000|  0%| F|  |TAMS 0x000000008dc00000, 0x000000008dc00000| Untracked 
| 221|0x000000008dd00000, 0x000000008dd00000, 0x000000008de00000|  0%| F|  |TAMS 0x000000008dd00000, 0x000000008dd00000| Untracked 
| 222|0x000000008de00000, 0x000000008de00000, 0x000000008df00000|  0%| F|  |TAMS 0x000000008de00000, 0x000000008de00000| Untracked 
| 223|0x000000008df00000, 0x000000008df00000, 0x000000008e000000|  0%| F|  |TAMS 0x000000008df00000, 0x000000008df00000| Untracked 
| 224|0x000000008e000000, 0x000000008e000000, 0x000000008e100000|  0%| F|  |TAMS 0x000000008e000000, 0x000000008e000000| Untracked 
| 225|0x000000008e100000, 0x000000008e100000, 0x000000008e200000|  0%| F|  |TAMS 0x000000008e100000, 0x000000008e100000| Untracked 
| 226|0x000000008e200000, 0x000000008e200000, 0x000000008e300000|  0%| F|  |TAMS 0x000000008e200000, 0x000000008e200000| Untracked 
| 227|0x000000008e300000, 0x000000008e300000, 0x000000008e400000|  0%| F|  |TAMS 0x000000008e300000, 0x000000008e300000| Untracked 
| 228|0x000000008e400000, 0x000000008e400000, 0x000000008e500000|  0%| F|  |TAMS 0x000000008e400000, 0x000000008e400000| Untracked 
| 229|0x000000008e500000, 0x000000008e500000, 0x000000008e600000|  0%| F|  |TAMS 0x000000008e500000, 0x000000008e500000| Untracked 
| 230|0x000000008e600000, 0x000000008e600000, 0x000000008e700000|  0%| F|  |TAMS 0x000000008e600000, 0x000000008e600000| Untracked 
| 231|0x000000008e700000, 0x000000008e700000, 0x000000008e800000|  0%| F|  |TAMS 0x000000008e700000, 0x000000008e700000| Untracked 
| 232|0x000000008e800000, 0x000000008e800000, 0x000000008e900000|  0%| F|  |TAMS 0x000000008e800000, 0x000000008e800000| Untracked 
| 233|0x000000008e900000, 0x000000008e900000, 0x000000008ea00000|  0%| F|  |TAMS 0x000000008e900000, 0x000000008e900000| Untracked 
| 234|0x000000008ea00000, 0x000000008ea00000, 0x000000008eb00000|  0%| F|  |TAMS 0x000000008ea00000, 0x000000008ea00000| Untracked 
| 235|0x000000008eb00000, 0x000000008eb00000, 0x000000008ec00000|  0%| F|  |TAMS 0x000000008eb00000, 0x000000008eb00000| Untracked 
| 236|0x000000008ec00000, 0x000000008ec00000, 0x000000008ed00000|  0%| F|  |TAMS 0x000000008ec00000, 0x000000008ec00000| Untracked 
| 237|0x000000008ed00000, 0x000000008ed00000, 0x000000008ee00000|  0%| F|  |TAMS 0x000000008ed00000, 0x000000008ed00000| Untracked 
| 238|0x000000008ee00000, 0x000000008ee00000, 0x000000008ef00000|  0%| F|  |TAMS 0x000000008ee00000, 0x000000008ee00000| Untracked 
| 239|0x000000008ef00000, 0x000000008ef00000, 0x000000008f000000|  0%| F|  |TAMS 0x000000008ef00000, 0x000000008ef00000| Untracked 
| 240|0x000000008f000000, 0x000000008f000000, 0x000000008f100000|  0%| F|  |TAMS 0x000000008f000000, 0x000000008f000000| Untracked 
| 241|0x000000008f100000, 0x000000008f100000, 0x000000008f200000|  0%| F|  |TAMS 0x000000008f100000, 0x000000008f100000| Untracked 
| 242|0x000000008f200000, 0x000000008f200000, 0x000000008f300000|  0%| F|  |TAMS 0x000000008f200000, 0x000000008f200000| Untracked 
| 243|0x000000008f300000, 0x000000008f300000, 0x000000008f400000|  0%| F|  |TAMS 0x000000008f300000, 0x000000008f300000| Untracked 
| 244|0x000000008f400000, 0x000000008f400000, 0x000000008f500000|  0%| F|  |TAMS 0x000000008f400000, 0x000000008f400000| Untracked 
| 245|0x000000008f500000, 0x000000008f500000, 0x000000008f600000|  0%| F|  |TAMS 0x000000008f500000, 0x000000008f500000| Untracked 
| 246|0x000000008f600000, 0x000000008f600000, 0x000000008f700000|  0%| F|  |TAMS 0x000000008f600000, 0x000000008f600000| Untracked 
| 247|0x000000008f700000, 0x000000008f700000, 0x000000008f800000|  0%| F|  |TAMS 0x000000008f700000, 0x000000008f700000| Untracked 
| 248|0x000000008f800000, 0x000000008f800000, 0x000000008f900000|  0%| F|  |TAMS 0x000000008f800000, 0x000000008f800000| Untracked 
| 249|0x000000008f900000, 0x000000008f900000, 0x000000008fa00000|  0%| F|  |TAMS 0x000000008f900000, 0x000000008f900000| Untracked 
| 250|0x000000008fa00000, 0x000000008fa00000, 0x000000008fb00000|  0%| F|  |TAMS 0x000000008fa00000, 0x000000008fa00000| Untracked 
| 251|0x000000008fb00000, 0x000000008fb00000, 0x000000008fc00000|  0%| F|  |TAMS 0x000000008fb00000, 0x000000008fb00000| Untracked 
| 252|0x000000008fc00000, 0x000000008fc00000, 0x000000008fd00000|  0%| F|  |TAMS 0x000000008fc00000, 0x000000008fc00000| Untracked 
| 253|0x000000008fd00000, 0x000000008fd00000, 0x000000008fe00000|  0%| F|  |TAMS 0x000000008fd00000, 0x000000008fd00000| Untracked 
| 254|0x000000008fe00000, 0x000000008fe00000, 0x000000008ff00000|  0%| F|  |TAMS 0x000000008fe00000, 0x000000008fe00000| Untracked 
| 255|0x000000008ff00000, 0x000000008ff00000, 0x0000000090000000|  0%| F|  |TAMS 0x000000008ff00000, 0x000000008ff00000| Untracked 
| 256|0x0000000090000000, 0x0000000090000000, 0x0000000090100000|  0%| F|  |TAMS 0x0000000090000000, 0x0000000090000000| Untracked 
| 257|0x0000000090100000, 0x0000000090100000, 0x0000000090200000|  0%| F|  |TAMS 0x0000000090100000, 0x0000000090100000| Untracked 
| 258|0x0000000090200000, 0x0000000090200000, 0x0000000090300000|  0%| F|  |TAMS 0x0000000090200000, 0x0000000090200000| Untracked 
| 259|0x0000000090300000, 0x0000000090300000, 0x0000000090400000|  0%| F|  |TAMS 0x0000000090300000, 0x0000000090300000| Untracked 
| 260|0x0000000090400000, 0x0000000090400000, 0x0000000090500000|  0%| F|  |TAMS 0x0000000090400000, 0x0000000090400000| Untracked 
| 261|0x0000000090500000, 0x0000000090500000, 0x0000000090600000|  0%| F|  |TAMS 0x0000000090500000, 0x0000000090500000| Untracked 
| 262|0x0000000090600000, 0x0000000090600000, 0x0000000090700000|  0%| F|  |TAMS 0x0000000090600000, 0x0000000090600000| Untracked 
| 263|0x0000000090700000, 0x0000000090700000, 0x0000000090800000|  0%| F|  |TAMS 0x0000000090700000, 0x0000000090700000| Untracked 
| 264|0x0000000090800000, 0x0000000090800000, 0x0000000090900000|  0%| F|  |TAMS 0x0000000090800000, 0x0000000090800000| Untracked 
| 265|0x0000000090900000, 0x0000000090900000, 0x0000000090a00000|  0%| F|  |TAMS 0x0000000090900000, 0x0000000090900000| Untracked 
| 266|0x0000000090a00000, 0x0000000090a00000, 0x0000000090b00000|  0%| F|  |TAMS 0x0000000090a00000, 0x0000000090a00000| Untracked 
| 267|0x0000000090b00000, 0x0000000090b00000, 0x0000000090c00000|  0%| F|  |TAMS 0x0000000090b00000, 0x0000000090b00000| Untracked 
| 268|0x0000000090c00000, 0x0000000090c00000, 0x0000000090d00000|  0%| F|  |TAMS 0x0000000090c00000, 0x0000000090c00000| Untracked 
| 269|0x0000000090d00000, 0x0000000090d00000, 0x0000000090e00000|  0%| F|  |TAMS 0x0000000090d00000, 0x0000000090d00000| Untracked 
| 270|0x0000000090e00000, 0x0000000090e00000, 0x0000000090f00000|  0%| F|  |TAMS 0x0000000090e00000, 0x0000000090e00000| Untracked 
| 271|0x0000000090f00000, 0x0000000090f00000, 0x0000000091000000|  0%| F|  |TAMS 0x0000000090f00000, 0x0000000090f00000| Untracked 
| 272|0x0000000091000000, 0x0000000091000000, 0x0000000091100000|  0%| F|  |TAMS 0x0000000091000000, 0x0000000091000000| Untracked 
| 273|0x0000000091100000, 0x0000000091100000, 0x0000000091200000|  0%| F|  |TAMS 0x0000000091100000, 0x0000000091100000| Untracked 
| 274|0x0000000091200000, 0x0000000091200000, 0x0000000091300000|  0%| F|  |TAMS 0x0000000091200000, 0x0000000091200000| Untracked 
| 275|0x0000000091300000, 0x0000000091300000, 0x0000000091400000|  0%| F|  |TAMS 0x0000000091300000, 0x0000000091300000| Untracked 
| 276|0x0000000091400000, 0x0000000091400000, 0x0000000091500000|  0%| F|  |TAMS 0x0000000091400000, 0x0000000091400000| Untracked 
| 277|0x0000000091500000, 0x0000000091500000, 0x0000000091600000|  0%| F|  |TAMS 0x0000000091500000, 0x0000000091500000| Untracked 
| 278|0x0000000091600000, 0x0000000091600000, 0x0000000091700000|  0%| F|  |TAMS 0x0000000091600000, 0x0000000091600000| Untracked 
| 279|0x0000000091700000, 0x0000000091700000, 0x0000000091800000|  0%| F|  |TAMS 0x0000000091700000, 0x0000000091700000| Untracked 
| 280|0x0000000091800000, 0x0000000091800000, 0x0000000091900000|  0%| F|  |TAMS 0x0000000091800000, 0x0000000091800000| Untracked 
| 281|0x0000000091900000, 0x0000000091900000, 0x0000000091a00000|  0%| F|  |TAMS 0x0000000091900000, 0x0000000091900000| Untracked 
| 282|0x0000000091a00000, 0x0000000091a00000, 0x0000000091b00000|  0%| F|  |TAMS 0x0000000091a00000, 0x0000000091a00000| Untracked 
| 283|0x0000000091b00000, 0x0000000091b00000, 0x0000000091c00000|  0%| F|  |TAMS 0x0000000091b00000, 0x0000000091b00000| Untracked 
| 284|0x0000000091c00000, 0x0000000091c00000, 0x0000000091d00000|  0%| F|  |TAMS 0x0000000091c00000, 0x0000000091c00000| Untracked 
| 285|0x0000000091d00000, 0x0000000091d00000, 0x0000000091e00000|  0%| F|  |TAMS 0x0000000091d00000, 0x0000000091d00000| Untracked 
| 286|0x0000000091e00000, 0x0000000091e00000, 0x0000000091f00000|  0%| F|  |TAMS 0x0000000091e00000, 0x0000000091e00000| Untracked 
| 287|0x0000000091f00000, 0x0000000091f00000, 0x0000000092000000|  0%| F|  |TAMS 0x0000000091f00000, 0x0000000091f00000| Untracked 
| 288|0x0000000092000000, 0x0000000092000000, 0x0000000092100000|  0%| F|  |TAMS 0x0000000092000000, 0x0000000092000000| Untracked 
| 289|0x0000000092100000, 0x0000000092100000, 0x0000000092200000|  0%| F|  |TAMS 0x0000000092100000, 0x0000000092100000| Untracked 
| 290|0x0000000092200000, 0x0000000092200000, 0x0000000092300000|  0%| F|  |TAMS 0x0000000092200000, 0x0000000092200000| Untracked 

Card table byte_map: [0x000001a174880000,0x000001a174c80000] _byte_map_base: 0x000001a174480000

Marking Bits (Prev, Next): (CMBitMap*) 0x000001a1706a1e10, (CMBitMap*) 0x000001a1706a1dd8
 Prev Bits: [0x000001a177080000, 0x000001a179080000)
 Next Bits: [0x000001a175080000, 0x000001a177080000)

Polling page: 0x000001a16fe40000

Metaspace:

Usage:
  Non-class:    114.21 MB capacity,   112.04 MB ( 98%) used,     1.78 MB (  2%) free+waste,   399.63 KB ( <1%) overhead. 
      Class:     17.19 MB capacity,    15.96 MB ( 93%) used,     1.06 MB (  6%) free+waste,   177.25 KB (  1%) overhead. 
       Both:    131.40 MB capacity,   127.99 MB ( 97%) used,     2.84 MB (  2%) free+waste,   576.88 KB ( <1%) overhead. 

Virtual space:
  Non-class space:      116.00 MB reserved,     114.42 MB ( 99%) committed 
      Class space:        1.00 GB reserved,      17.25 MB (  2%) committed 
             Both:        1.11 GB reserved,     131.67 MB ( 12%) committed 

Chunk freelists:
   Non-Class:  20.00 KB
       Class:  63.00 KB
        Both:  83.00 KB

MaxMetaspaceSize: 17179869184.00 GB
CompressedClassSpaceSize: 1.00 GB

CodeHeap 'non-profiled nmethods': size=120000Kb used=12123Kb max_used=12123Kb free=107876Kb
 bounds [0x000001a107ad0000, 0x000001a1086b0000, 0x000001a10f000000]
CodeHeap 'profiled nmethods': size=120000Kb used=47331Kb max_used=47331Kb free=72668Kb
 bounds [0x000001a1005a0000, 0x000001a1033f0000, 0x000001a107ad0000]
CodeHeap 'non-nmethods': size=5760Kb used=2391Kb max_used=2425Kb free=3368Kb
 bounds [0x000001a100000000, 0x000001a100280000, 0x000001a1005a0000]
 total_blobs=20190 nmethods=19194 adapters=903
 compilation: enabled
              stopped_count=0, restarted_count=0
 full_count=0

Compilation events (20 events):
Event: 485.315 Thread 0x000001a17bafa800 20513       3       com.android.tools.r8.internal.zh::a (71 bytes)
Event: 485.316 Thread 0x000001a17bafa800 nmethod 20513 0x000001a1033da310 code [0x000001a1033da4e0, 0x000001a1033da898]
Event: 485.320 Thread 0x000001a17bafa800 20514 %     3       java.util.TreeMap::getLastEntry @ 9 (26 bytes)
Event: 485.321 Thread 0x000001a17bafa800 nmethod 20514% 0x000001a1033daa10 code [0x000001a1033dabc0, 0x000001a1033dadd8]
Event: 485.326 Thread 0x000001a17bafa800 20516 %     3       com.android.tools.r8.internal.Kg::a @ 57 (131 bytes)
Event: 485.327 Thread 0x000001a17bafa800 nmethod 20516% 0x000001a1033dae90 code [0x000001a1033db140, 0x000001a1033dc298]
Event: 485.327 Thread 0x000001a17bafa800 20517       2       com.android.tools.r8.internal.Lp::a (417 bytes)
Event: 485.330 Thread 0x000001a17bafa800 nmethod 20517 0x000001a1033dc790 code [0x000001a1033dcb80, 0x000001a1033dda78]
Event: 485.352 Thread 0x000001a17bafa800 20519       2       com.android.tools.r8.internal.xi::c (48 bytes)
Event: 485.352 Thread 0x000001a17bafa800 nmethod 20519 0x000001a1033de490 code [0x000001a1033de640, 0x000001a1033de798]
Event: 485.354 Thread 0x000001a17bafa800 20520       3       com.android.tools.r8.internal.Ea::<init> (342 bytes)
Event: 485.357 Thread 0x000001a17bafa800 nmethod 20520 0x000001a1033de890 code [0x000001a1033ded00, 0x000001a1033e1128]
Event: 485.373 Thread 0x000001a17bafa800 20521       2       com.android.tools.r8.internal.cj::b (27 bytes)
Event: 485.373 Thread 0x000001a17bafa800 nmethod 20521 0x000001a1033e1d10 code [0x000001a1033e1ee0, 0x000001a1033e2078]
Event: 485.377 Thread 0x000001a17bafa800 20522       2       com.android.tools.r8.internal.KD::a (213 bytes)
Event: 485.378 Thread 0x000001a17bafa800 nmethod 20522 0x000001a1033e2190 code [0x000001a1033e2460, 0x000001a1033e2ed8]
Event: 485.394 Thread 0x000001a17bafa800 20523       3       com.android.tools.r8.internal.Oz::f (191 bytes)
Event: 485.395 Thread 0x000001a17bafa800 nmethod 20523 0x000001a1033e3590 code [0x000001a1033e3820, 0x000001a1033e4438]
Event: 485.413 Thread 0x000001a17bafa800 20525       2       com.android.tools.r8.internal.W3::<init> (151 bytes)
Event: 485.413 Thread 0x000001a17bafa800 nmethod 20525 0x000001a1033e4910 code [0x000001a1033e4ac0, 0x000001a1033e4c58]

GC Heap History (20 events):
Event: 481.295 GC heap after
{Heap after GC invocations=52 (full 0):
 garbage-first heap   total 297984K, used 146592K [0x0000000080000000, 0x0000000100000000)
  region size 1024K, 2 young (2048K), 2 survivors (2048K)
 Metaspace       used 130078K, capacity 133497K, committed 133804K, reserved 1165312K
  class space    used 16313K, capacity 17547K, committed 17664K, reserved 1048576K
}
Event: 482.132 GC heap before
{Heap before GC invocations=52 (full 0):
 garbage-first heap   total 297984K, used 235680K [0x0000000080000000, 0x0000000100000000)
  region size 1024K, 89 young (91136K), 2 survivors (2048K)
 Metaspace       used 130366K, capacity 133782K, committed 134060K, reserved 1165312K
  class space    used 16318K, capacity 17551K, committed 17664K, reserved 1048576K
}
Event: 482.141 GC heap after
{Heap after GC invocations=53 (full 0):
 garbage-first heap   total 297984K, used 148851K [0x0000000080000000, 0x0000000100000000)
  region size 1024K, 4 young (4096K), 4 survivors (4096K)
 Metaspace       used 130366K, capacity 133782K, committed 134060K, reserved 1165312K
  class space    used 16318K, capacity 17551K, committed 17664K, reserved 1048576K
}
Event: 482.754 GC heap before
{Heap before GC invocations=53 (full 0):
 garbage-first heap   total 297984K, used 243059K [0x0000000080000000, 0x0000000100000000)
  region size 1024K, 96 young (98304K), 4 survivors (4096K)
 Metaspace       used 130712K, capacity 134145K, committed 134316K, reserved 1165312K
  class space    used 16323K, capacity 17559K, committed 17664K, reserved 1048576K
}
Event: 482.760 GC heap after
{Heap after GC invocations=54 (full 0):
 garbage-first heap   total 297984K, used 148960K [0x0000000080000000, 0x0000000100000000)
  region size 1024K, 4 young (4096K), 4 survivors (4096K)
 Metaspace       used 130712K, capacity 134145K, committed 134316K, reserved 1165312K
  class space    used 16323K, capacity 17559K, committed 17664K, reserved 1048576K
}
Event: 483.209 GC heap before
{Heap before GC invocations=54 (full 0):
 garbage-first heap   total 297984K, used 244192K [0x0000000080000000, 0x0000000100000000)
  region size 1024K, 97 young (99328K), 4 survivors (4096K)
 Metaspace       used 130875K, capacity 134317K, committed 134572K, reserved 1167360K
  class space    used 16327K, capacity 17592K, committed 17664K, reserved 1048576K
}
Event: 483.214 GC heap after
{Heap after GC invocations=55 (full 0):
 garbage-first heap   total 297984K, used 150108K [0x0000000080000000, 0x0000000100000000)
  region size 1024K, 5 young (5120K), 5 survivors (5120K)
 Metaspace       used 130875K, capacity 134317K, committed 134572K, reserved 1167360K
  class space    used 16327K, capacity 17592K, committed 17664K, reserved 1048576K
}
Event: 483.697 GC heap before
{Heap before GC invocations=55 (full 0):
 garbage-first heap   total 297984K, used 247388K [0x0000000080000000, 0x0000000100000000)
  region size 1024K, 100 young (102400K), 5 survivors (5120K)
 Metaspace       used 130942K, capacity 134413K, committed 134572K, reserved 1167360K
  class space    used 16332K, capacity 17600K, committed 17664K, reserved 1048576K
}
Event: 483.705 GC heap after
{Heap after GC invocations=56 (full 0):
 garbage-first heap   total 297984K, used 151042K [0x0000000080000000, 0x0000000100000000)
  region size 1024K, 6 young (6144K), 6 survivors (6144K)
 Metaspace       used 130942K, capacity 134413K, committed 134572K, reserved 1167360K
  class space    used 16332K, capacity 17600K, committed 17664K, reserved 1048576K
}
Event: 484.229 GC heap before
{Heap before GC invocations=56 (full 0):
 garbage-first heap   total 297984K, used 249346K [0x0000000080000000, 0x0000000100000000)
  region size 1024K, 102 young (104448K), 6 survivors (6144K)
 Metaspace       used 130974K, capacity 134416K, committed 134572K, reserved 1167360K
  class space    used 16338K, capacity 17600K, committed 17664K, reserved 1048576K
}
Event: 484.241 GC heap after
{Heap after GC invocations=57 (full 0):
 garbage-first heap   total 297984K, used 152044K [0x0000000080000000, 0x0000000100000000)
  region size 1024K, 7 young (7168K), 7 survivors (7168K)
 Metaspace       used 130974K, capacity 134416K, committed 134572K, reserved 1167360K
  class space    used 16338K, capacity 17600K, committed 17664K, reserved 1048576K
}
Event: 484.493 GC heap before
{Heap before GC invocations=57 (full 0):
 garbage-first heap   total 297984K, used 251372K [0x0000000080000000, 0x0000000100000000)
  region size 1024K, 104 young (106496K), 7 survivors (7168K)
 Metaspace       used 131007K, capacity 134483K, committed 134572K, reserved 1167360K
  class space    used 16338K, capacity 17600K, committed 17664K, reserved 1048576K
}
Event: 484.501 GC heap after
{Heap after GC invocations=58 (full 0):
 garbage-first heap   total 297984K, used 153595K [0x0000000080000000, 0x0000000100000000)
  region size 1024K, 8 young (8192K), 8 survivors (8192K)
 Metaspace       used 131007K, capacity 134483K, committed 134572K, reserved 1167360K
  class space    used 16338K, capacity 17600K, committed 17664K, reserved 1048576K
}
Event: 484.715 GC heap before
{Heap before GC invocations=58 (full 0):
 garbage-first heap   total 297984K, used 254971K [0x0000000080000000, 0x0000000100000000)
  region size 1024K, 107 young (109568K), 8 survivors (8192K)
 Metaspace       used 131030K, capacity 134483K, committed 134572K, reserved 1167360K
  class space    used 16338K, capacity 17600K, committed 17664K, reserved 1048576K
}
Event: 484.726 GC heap after
{Heap after GC invocations=59 (full 0):
 garbage-first heap   total 297984K, used 154507K [0x0000000080000000, 0x0000000100000000)
  region size 1024K, 9 young (9216K), 9 survivors (9216K)
 Metaspace       used 131030K, capacity 134483K, committed 134572K, reserved 1167360K
  class space    used 16338K, capacity 17600K, committed 17664K, reserved 1048576K
}
Event: 484.934 GC heap before
{Heap before GC invocations=59 (full 0):
 garbage-first heap   total 297984K, used 254859K [0x0000000080000000, 0x0000000100000000)
  region size 1024K, 107 young (109568K), 9 survivors (9216K)
 Metaspace       used 131042K, capacity 134487K, committed 134572K, reserved 1167360K
  class space    used 16339K, capacity 17601K, committed 17664K, reserved 1048576K
}
Event: 484.950 GC heap after
{Heap after GC invocations=60 (full 0):
 garbage-first heap   total 297984K, used 156129K [0x0000000080000000, 0x0000000100000000)
  region size 1024K, 9 young (9216K), 9 survivors (9216K)
 Metaspace       used 131042K, capacity 134487K, committed 134572K, reserved 1167360K
  class space    used 16339K, capacity 17601K, committed 17664K, reserved 1048576K
}
Event: 485.212 GC heap before
{Heap before GC invocations=60 (full 0):
 garbage-first heap   total 297984K, used 256481K [0x0000000080000000, 0x0000000100000000)
  region size 1024K, 107 young (109568K), 9 survivors (9216K)
 Metaspace       used 131055K, capacity 134489K, committed 134572K, reserved 1167360K
  class space    used 16339K, capacity 17601K, committed 17664K, reserved 1048576K
}
Event: 485.222 GC heap after
{Heap after GC invocations=61 (full 0):
 garbage-first heap   total 297984K, used 156284K [0x0000000080000000, 0x0000000100000000)
  region size 1024K, 8 young (8192K), 8 survivors (8192K)
 Metaspace       used 131055K, capacity 134489K, committed 134572K, reserved 1167360K
  class space    used 16339K, capacity 17601K, committed 17664K, reserved 1048576K
}
Event: 485.427 GC heap before
{Heap before GC invocations=61 (full 0):
 garbage-first heap   total 297984K, used 256636K [0x0000000080000000, 0x0000000100000000)
  region size 1024K, 107 young (109568K), 8 survivors (8192K)
 Metaspace       used 131065K, capacity 134553K, committed 134828K, reserved 1167360K
  class space    used 16339K, capacity 17601K, committed 17664K, reserved 1048576K
}

Deoptimization events (20 events):
Event: 485.310 Thread 0x000001a10f6af000 DEOPT PACKING pc=0x000001a102c80e51 sp=0x0000003b62ff9860
Event: 485.310 Thread 0x000001a10f6af000 DEOPT UNPACKING pc=0x000001a1000276ce sp=0x0000003b62ff8d00 mode 0
Event: 485.321 Thread 0x000001a10f6af000 DEOPT PACKING pc=0x000001a102fbadcb sp=0x0000003b62ff8a80
Event: 485.321 Thread 0x000001a10f6af000 DEOPT UNPACKING pc=0x000001a1000276ce sp=0x0000003b62ff7ec8 mode 0
Event: 485.321 Thread 0x000001a10f6af000 DEOPT PACKING pc=0x000001a102b572fa sp=0x0000003b62ff8e50
Event: 485.321 Thread 0x000001a10f6af000 DEOPT UNPACKING pc=0x000001a1000276ce sp=0x0000003b62ff8620 mode 0
Event: 485.340 Thread 0x000001a10f6a7800 DEOPT PACKING pc=0x000001a102c80e51 sp=0x0000003b62df9740
Event: 485.340 Thread 0x000001a10f6a7800 DEOPT UNPACKING pc=0x000001a1000276ce sp=0x0000003b62df8be0 mode 0
Event: 485.347 Thread 0x000001a10f6a6000 DEOPT PACKING pc=0x000001a102c80e51 sp=0x0000003b62cf9370
Event: 485.347 Thread 0x000001a10f6a6000 DEOPT UNPACKING pc=0x000001a1000276ce sp=0x0000003b62cf8810 mode 0
Event: 485.349 Thread 0x000001a10f6a7800 DEOPT PACKING pc=0x000001a102c80e51 sp=0x0000003b62df9740
Event: 485.349 Thread 0x000001a10f6a7800 DEOPT UNPACKING pc=0x000001a1000276ce sp=0x0000003b62df8be0 mode 0
Event: 485.356 Thread 0x000001a10f6a6000 DEOPT PACKING pc=0x000001a10306b625 sp=0x0000003b62cf9010
Event: 485.356 Thread 0x000001a10f6a6000 DEOPT UNPACKING pc=0x000001a1000276ce sp=0x0000003b62cf8530 mode 0
Event: 485.386 Thread 0x000001a10f6a6000 DEOPT PACKING pc=0x000001a102c80e51 sp=0x0000003b62cf9370
Event: 485.386 Thread 0x000001a10f6a6000 DEOPT UNPACKING pc=0x000001a1000276ce sp=0x0000003b62cf8810 mode 0
Event: 485.394 Thread 0x000001a10f6a7800 DEOPT PACKING pc=0x000001a103034f71 sp=0x0000003b62df9410
Event: 485.394 Thread 0x000001a10f6a7800 DEOPT UNPACKING pc=0x000001a1000276ce sp=0x0000003b62df8978 mode 0
Event: 485.410 Thread 0x000001a10f6af000 DEOPT PACKING pc=0x000001a102b572fa sp=0x0000003b62ff9220
Event: 485.410 Thread 0x000001a10f6af000 DEOPT UNPACKING pc=0x000001a1000276ce sp=0x0000003b62ff89f0 mode 0

Classes redefined (0 events):
No events

Internal exceptions (20 events):
Event: 477.544 Thread 0x000001a10f6a7800 Exception <a 'sun/nio/fs/WindowsException'{0x000000008b0be5d0}> (0x000000008b0be5d0) thrown at [./src/hotspot/share/prims/jni.cpp, line 615]
Event: 477.563 Thread 0x000001a10f6a6000 Exception <a 'sun/nio/fs/WindowsException'{0x000000008a6ab800}> (0x000000008a6ab800) thrown at [./src/hotspot/share/prims/jni.cpp, line 615]
Event: 477.646 Thread 0x000001a10f6a7800 Exception <a 'java/lang/IncompatibleClassChangeError'{0x000000008d68a598}: Found class java.lang.Object, but interface was expected> (0x000000008d68a598) thrown at [./src/hotspot/share/interpreter/linkResolver.cpp, line 839]
Event: 477.665 Thread 0x000001a10f6af000 Exception <a 'sun/nio/fs/WindowsException'{0x000000008cf34310}> (0x000000008cf34310) thrown at [./src/hotspot/share/prims/jni.cpp, line 615]
Event: 477.982 Thread 0x000001a10f6a7800 Exception <a 'java/lang/NoSuchMethodError'{0x000000008af14728}: 'void java.lang.invoke.DirectMethodHandle$Holder.invokeStatic(java.lang.Object, java.lang.Object, java.lang.Object, int)'> (0x000000008af14728) thrown at [./src/hotspot/share/interpreter/linkResolver.cpp, line 773]
Event: 477.992 Thread 0x000001a10f6a7800 Exception <a 'java/lang/IncompatibleClassChangeError'{0x000000008af61dd0}: Found class java.lang.Object, but interface was expected> (0x000000008af61dd0) thrown at [./src/hotspot/share/interpreter/linkResolver.cpp, line 839]
Event: 478.988 Thread 0x000001a10f6af000 Exception <a 'java/lang/NoSuchMethodError'{0x000000008c9b75b0}: 'java.lang.Object java.lang.invoke.DirectMethodHandle$Holder.invokeVirtual(java.lang.Object, java.lang.Object, int, java.lang.Object)'> (0x000000008c9b75b0) thrown at [./src/hotspot/share/interpreter/linkResolver.cpp, line 773]
Event: 478.988 Thread 0x000001a10f6a7800 Exception <a 'java/lang/NoSuchMethodError'{0x000000008c89b478}: 'java.lang.Object java.lang.invoke.DirectMethodHandle$Holder.invokeVirtual(java.lang.Object, java.lang.Object, int, java.lang.Object)'> (0x000000008c89b478) thrown at [./src/hotspot/share/interpreter/linkResolver.cpp, line 773]
Event: 478.988 Thread 0x000001a10f6a6000 Exception <a 'java/lang/NoSuchMethodError'{0x000000008c6261b0}: 'java.lang.Object java.lang.invoke.DirectMethodHandle$Holder.invokeVirtual(java.lang.Object, java.lang.Object, int, java.lang.Object)'> (0x000000008c6261b0) thrown at [./src/hotspot/share/interpreter/linkResolver.cpp, line 773]
Event: 479.015 Thread 0x000001a10f6a6000 Exception <a 'java/lang/IncompatibleClassChangeError'{0x000000008c6f8aa8}: Found class java.lang.Object, but interface was expected> (0x000000008c6f8aa8) thrown at [./src/hotspot/share/interpreter/linkResolver.cpp, line 839]
Event: 479.015 Thread 0x000001a10f6af000 Exception <a 'java/lang/IncompatibleClassChangeError'{0x000000008c6ca110}: Found class java.lang.Object, but interface was expected> (0x000000008c6ca110) thrown at [./src/hotspot/share/interpreter/linkResolver.cpp, line 839]
Event: 479.018 Thread 0x000001a10f6a6000 Exception <a 'java/lang/IncompatibleClassChangeError'{0x000000008c6fc238}: Found class java.lang.Object, but interface was expected> (0x000000008c6fc238) thrown at [./src/hotspot/share/interpreter/linkResolver.cpp, line 839]
Event: 479.018 Thread 0x000001a10f6af000 Exception <a 'java/lang/IncompatibleClassChangeError'{0x000000008c6d4988}: Found class java.lang.Object, but interface was expected> (0x000000008c6d4988) thrown at [./src/hotspot/share/interpreter/linkResolver.cpp, line 839]
Event: 479.081 Thread 0x000001a10f6a7800 Exception <a 'java/lang/NoSuchMethodError'{0x000000008c6906e8}: 'void java.lang.invoke.DirectMethodHandle$Holder.invokeVirtual(java.lang.Object, java.lang.Object, int, java.lang.Object)'> (0x000000008c6906e8) thrown at [./src/hotspot/share/interpreter/linkResolver.cpp, line 773]
Event: 479.082 Thread 0x000001a10f6a6000 Exception <a 'java/lang/NoSuchMethodError'{0x000000008c425480}: 'void java.lang.invoke.DirectMethodHandle$Holder.invokeVirtual(java.lang.Object, java.lang.Object, int, java.lang.Object)'> (0x000000008c425480) thrown at [./src/hotspot/share/interpreter/linkResolver.cpp, line 773]
Event: 479.301 Thread 0x000001a10f6a7800 Exception <a 'java/lang/NoSuchMethodError'{0x000000008c1bbaf0}: 'java.lang.Object java.lang.invoke.DirectMethodHandle$Holder.newInvokeSpecial(java.lang.Object, int)'> (0x000000008c1bbaf0) thrown at [./src/hotspot/share/interpreter/linkResolver.cpp, line 773]
Event: 479.681 Thread 0x000001a10f6a7800 Exception <a 'java/lang/NoSuchMethodError'{0x000000008bab0fc0}: 'java.lang.Object java.lang.invoke.DirectMethodHandle$Holder.invokeInterface(java.lang.Object, java.lang.Object, int)'> (0x000000008bab0fc0) thrown at [./src/hotspot/share/interpreter/linkResolver.cpp, line 773]
Event: 480.377 Thread 0x000001a10f6a7800 Exception <a 'java/lang/NoSuchMethodError'{0x000000008d63afb8}: 'int java.lang.invoke.DirectMethodHandle$Holder.invokeInterface(java.lang.Object, java.lang.Object, int)'> (0x000000008d63afb8) thrown at [./src/hotspot/share/interpreter/linkResolver.cpp, line 773]
Event: 481.155 Thread 0x000001a10f6a6000 Implicit null exception at 0x000001a108603664 to 0x000001a1086091d8
Event: 482.628 Thread 0x000001a10f6a6000 Implicit null exception at 0x000001a108637474 to 0x000001a108637c90

Events (20 events):
Event: 484.113 loading class com/android/tools/r8/code/Y3 done
Event: 484.113 loading class com/android/tools/r8/code/V3
Event: 484.113 loading class com/android/tools/r8/code/V3 done
Event: 484.229 Executing VM operation: G1CollectForAllocation
Event: 484.241 Executing VM operation: G1CollectForAllocation done
Event: 484.493 Executing VM operation: G1CollectForAllocation
Event: 484.501 Executing VM operation: G1CollectForAllocation done
Event: 484.715 Executing VM operation: G1CollectForAllocation
Event: 484.726 Executing VM operation: G1CollectForAllocation done
Event: 484.774 loading class com/android/tools/r8/code/G0
Event: 484.774 loading class com/android/tools/r8/code/G0 done
Event: 484.774 loading class com/android/tools/r8/code/G0
Event: 484.774 loading class com/android/tools/r8/code/G0 done
Event: 484.925 loading class com/android/tools/r8/internal/Z4
Event: 484.925 loading class com/android/tools/r8/internal/Z4 done
Event: 484.934 Executing VM operation: G1CollectForAllocation
Event: 484.950 Executing VM operation: G1CollectForAllocation done
Event: 485.212 Executing VM operation: G1CollectForAllocation
Event: 485.222 Executing VM operation: G1CollectForAllocation done
Event: 485.426 Executing VM operation: G1CollectForAllocation


Dynamic libraries:
0x00007ff7cb350000 - 0x00007ff7cb35a000 	C:\Program Files\Android\Android Studio\jre\bin\java.exe
0x00007ffe7a430000 - 0x00007ffe7a625000 	C:\WINDOWS\SYSTEM32\ntdll.dll
0x00007ffe78500000 - 0x00007ffe785bd000 	C:\WINDOWS\System32\KERNEL32.DLL
0x00007ffe77d90000 - 0x00007ffe78059000 	C:\WINDOWS\System32\KERNELBASE.dll
0x00007ffe781f0000 - 0x00007ffe782f0000 	C:\WINDOWS\System32\ucrtbase.dll
0x00007ffe673a0000 - 0x00007ffe673b9000 	C:\Program Files\Android\Android Studio\jre\bin\jli.dll
0x00007ffe67380000 - 0x00007ffe67397000 	C:\Program Files\Android\Android Studio\jre\bin\VCRUNTIME140.dll
0x00007ffe7a250000 - 0x00007ffe7a3f0000 	C:\WINDOWS\System32\USER32.dll
0x00007ffe77d60000 - 0x00007ffe77d82000 	C:\WINDOWS\System32\win32u.dll
0x00007ffe62950000 - 0x00007ffe62bea000 	C:\WINDOWS\WinSxS\amd64_microsoft.windows.common-controls_6595b64144ccf1df_6.0.19041.1052_none_60b8f8fd71f5e8cb\COMCTL32.dll
0x00007ffe78780000 - 0x00007ffe787aa000 	C:\WINDOWS\System32\GDI32.dll
0x00007ffe796c0000 - 0x00007ffe7975e000 	C:\WINDOWS\System32\msvcrt.dll
0x00007ffe78390000 - 0x00007ffe7849b000 	C:\WINDOWS\System32\gdi32full.dll
0x00007ffe782f0000 - 0x00007ffe7838d000 	C:\WINDOWS\System32\msvcp_win.dll
0x00007ffe787b0000 - 0x00007ffe787e0000 	C:\WINDOWS\System32\IMM32.DLL
0x00007ffdf7660000 - 0x00007ffdf76fd000 	C:\Program Files\Android\Android Studio\jre\bin\msvcp140.dll
0x00007ffe13240000 - 0x00007ffe13d0f000 	C:\Program Files\Android\Android Studio\jre\bin\server\jvm.dll
0x00007ffe7a050000 - 0x00007ffe7a0fc000 	C:\WINDOWS\System32\ADVAPI32.dll
0x00007ffe787e0000 - 0x00007ffe7887b000 	C:\WINDOWS\System32\sechost.dll
0x00007ffe78a00000 - 0x00007ffe78b2a000 	C:\WINDOWS\System32\RPCRT4.dll
0x00007ffe786b0000 - 0x00007ffe786b8000 	C:\WINDOWS\System32\PSAPI.DLL
0x00007ffe71de0000 - 0x00007ffe71de9000 	C:\WINDOWS\SYSTEM32\WSOCK32.dll
0x00007ffe6f8f0000 - 0x00007ffe6f8fa000 	C:\WINDOWS\SYSTEM32\VERSION.dll
0x00007ffe61290000 - 0x00007ffe612b7000 	C:\WINDOWS\SYSTEM32\WINMM.dll
0x00007ffe7a100000 - 0x00007ffe7a16b000 	C:\WINDOWS\System32\WS2_32.dll
0x00007ffe75c80000 - 0x00007ffe75c92000 	C:\WINDOWS\SYSTEM32\kernel.appcore.dll
0x00007ffe274f0000 - 0x00007ffe27501000 	C:\Program Files\Android\Android Studio\jre\bin\verify.dll
0x00007ffe75540000 - 0x00007ffe75724000 	C:\WINDOWS\SYSTEM32\DBGHELP.DLL
0x00007ffe60650000 - 0x00007ffe6067c000 	C:\WINDOWS\SYSTEM32\dbgcore.DLL
0x00007ffe77cd0000 - 0x00007ffe77d53000 	C:\WINDOWS\System32\bcryptPrimitives.dll
0x00007ffe1da30000 - 0x00007ffe1da59000 	C:\Program Files\Android\Android Studio\jre\bin\java.dll
0x00007ffe67170000 - 0x00007ffe6717b000 	C:\Program Files\Android\Android Studio\jre\bin\jimage.dll
0x00007ffe216e0000 - 0x00007ffe216f8000 	C:\Program Files\Android\Android Studio\jre\bin\zip.dll
0x00007ffe79910000 - 0x00007ffe7a04f000 	C:\WINDOWS\System32\SHELL32.dll
0x00007ffe75ca0000 - 0x00007ffe76431000 	C:\WINDOWS\SYSTEM32\windows.storage.dll
0x00007ffe79360000 - 0x00007ffe796b5000 	C:\WINDOWS\System32\combase.dll
0x00007ffe775e0000 - 0x00007ffe7760c000 	C:\WINDOWS\SYSTEM32\Wldp.dll
0x00007ffe78b40000 - 0x00007ffe78bee000 	C:\WINDOWS\System32\SHCORE.dll
0x00007ffe78880000 - 0x00007ffe788d5000 	C:\WINDOWS\System32\shlwapi.dll
0x00007ffe77ab0000 - 0x00007ffe77acf000 	C:\WINDOWS\SYSTEM32\profapi.dll
0x00007ffe1fd60000 - 0x00007ffe1fd7a000 	C:\Program Files\Android\Android Studio\jre\bin\net.dll
0x00007ffe64fc0000 - 0x00007ffe650ca000 	C:\WINDOWS\SYSTEM32\WINHTTP.dll
0x00007ffe77340000 - 0x00007ffe773aa000 	C:\WINDOWS\system32\mswsock.dll
0x00007ffe16f60000 - 0x00007ffe16f74000 	C:\Program Files\Android\Android Studio\jre\bin\nio.dll
0x00007ffe13f80000 - 0x00007ffe13fa7000 	C:\Users\PC\.gradle\native\8bec1ad78214c89d9ad589b4d07fe93259594b29d510b10fafb7a158f7737e5d\windows-amd64\native-platform.dll
0x00007ffdf6550000 - 0x00007ffdf668d000 	C:\Users\PC\.gradle\native\53dbd7edfb1c66fb8903c78663c9afc45aea4f116125fa6feffd364cf09443e8\windows-amd64\native-platform-file-events.dll
0x00007ffe65a90000 - 0x00007ffe65a9a000 	C:\Program Files\Android\Android Studio\jre\bin\management.dll
0x00007ffe65a50000 - 0x00007ffe65a5c000 	C:\Program Files\Android\Android Studio\jre\bin\management_ext.dll
0x00007ffe77530000 - 0x00007ffe77548000 	C:\WINDOWS\SYSTEM32\CRYPTSP.dll
0x00007ffe76c70000 - 0x00007ffe76ca4000 	C:\WINDOWS\system32\rsaenh.dll
0x00007ffe78060000 - 0x00007ffe78087000 	C:\WINDOWS\System32\bcrypt.dll
0x00007ffe77a30000 - 0x00007ffe77a5e000 	C:\WINDOWS\SYSTEM32\USERENV.dll
0x00007ffe77520000 - 0x00007ffe7752c000 	C:\WINDOWS\SYSTEM32\CRYPTBASE.dll
0x00007ffe76fe0000 - 0x00007ffe7701b000 	C:\WINDOWS\SYSTEM32\IPHLPAPI.DLL
0x00007ffe78770000 - 0x00007ffe78778000 	C:\WINDOWS\System32\NSI.dll
0x00007ffe6e6f0000 - 0x00007ffe6e707000 	C:\WINDOWS\SYSTEM32\dhcpcsvc6.DLL
0x00007ffe6f6f0000 - 0x00007ffe6f70d000 	C:\WINDOWS\SYSTEM32\dhcpcsvc.DLL
0x00007ffe77030000 - 0x00007ffe770fc000 	C:\WINDOWS\SYSTEM32\DNSAPI.dll
0x00007ffe15fa0000 - 0x00007ffe15fc7000 	C:\Program Files\Android\Android Studio\jre\bin\sunec.dll
0x00007ffe64d00000 - 0x00007ffe64d0a000 	C:\Windows\System32\rasadhlp.dll
0x00007ffe64d70000 - 0x00007ffe64def000 	C:\WINDOWS\System32\fwpuclnt.dll
0x00007ffe76870000 - 0x00007ffe768a3000 	C:\WINDOWS\SYSTEM32\ntmarta.dll
0x00007ffe746f0000 - 0x00007ffe74780000 	C:\WINDOWS\system32\apphelp.dll

dbghelp: loaded successfully - version: 4.0.5 - missing functions: none
symbol engine: initialized successfully - sym options: 0x614 - pdb path: .;C:\Program Files\Android\Android Studio\jre\bin;C:\WINDOWS\SYSTEM32;C:\WINDOWS\WinSxS\amd64_microsoft.windows.common-controls_6595b64144ccf1df_6.0.19041.1052_none_60b8f8fd71f5e8cb;C:\Program Files\Android\Android Studio\jre\bin\server;C:\Users\PC\.gradle\native\8bec1ad78214c89d9ad589b4d07fe93259594b29d510b10fafb7a158f7737e5d\windows-amd64;C:\Users\PC\.gradle\native\53dbd7edfb1c66fb8903c78663c9afc45aea4f116125fa6feffd364cf09443e8\windows-amd64

VM Arguments:
jvm_args: --add-opens=java.base/java.util=ALL-UNNAMED --add-opens=java.base/java.lang=ALL-UNNAMED --add-opens=java.base/java.lang.invoke=ALL-UNNAMED --add-opens=java.base/java.util=ALL-UNNAMED --add-opens=java.prefs/java.util.prefs=ALL-UNNAMED --add-opens=java.prefs/java.util.prefs=ALL-UNNAMED --add-opens=java.base/java.nio.charset=ALL-UNNAMED --add-opens=java.base/java.net=ALL-UNNAMED --add-opens=java.base/java.util.concurrent.atomic=ALL-UNNAMED -Xmx2048m -Dfile.encoding=UTF-8 -Duser.country=US -Duser.language=en -Duser.variant 
java_command: org.gradle.launcher.daemon.bootstrap.GradleDaemon 7.0.2
java_class_path (initial): C:\Users\PC\.gradle\wrapper\dists\gradle-7.0.2-bin\857tjihv64xamwrf0h14cai3r\gradle-7.0.2\lib\gradle-launcher-7.0.2.jar
Launcher Type: SUN_STANDARD

[Global flags]
     intx CICompilerCount                          = 4                                         {product} {ergonomic}
     uint ConcGCThreads                            = 2                                         {product} {ergonomic}
     uint G1ConcRefinementThreads                  = 8                                         {product} {ergonomic}
   size_t G1HeapRegionSize                         = 1048576                                   {product} {ergonomic}
    uintx GCDrainStackTargetSize                   = 64                                        {product} {ergonomic}
   size_t InitialHeapSize                          = 132120576                                 {product} {ergonomic}
   size_t MarkStackSize                            = 4194304                                   {product} {ergonomic}
   size_t MaxHeapSize                              = 2147483648                                {product} {command line}
   size_t MaxNewSize                               = 1287651328                                {product} {ergonomic}
   size_t MinHeapDeltaBytes                        = 1048576                                   {product} {ergonomic}
    uintx NonNMethodCodeHeapSize                   = 5836300                                {pd product} {ergonomic}
    uintx NonProfiledCodeHeapSize                  = 122910970                              {pd product} {ergonomic}
    uintx ProfiledCodeHeapSize                     = 122910970                              {pd product} {ergonomic}
    uintx ReservedCodeCacheSize                    = 251658240                              {pd product} {ergonomic}
     bool SegmentedCodeCache                       = true                                      {product} {ergonomic}
     bool UseCompressedClassPointers               = true                                 {lp64_product} {ergonomic}
     bool UseCompressedOops                        = true                                 {lp64_product} {ergonomic}
     bool UseG1GC                                  = true                                      {product} {ergonomic}
     bool UseLargePagesIndividualAllocation        = false                                  {pd product} {ergonomic}

Logging:
Log output configuration:
 #0: stdout all=warning uptime,level,tags
 #1: stderr all=off uptime,level,tags

Environment Variables:
CLASSPATH=C:\Program Files\Apache Software Foundation\Tomcat 9.0\lib\servlet-api.jar
PATH=C:\Program Files\Common Files\Oracle\Java\javapath;C:\WINDOWS\system32;C:\WINDOWS;C:\WINDOWS\System32\Wbem;C:\WINDOWS\System32\WindowsPowerShell\v1.0\;C:\WINDOWS\System32\OpenSSH\;C:\Program Files (x86)\Intel\Intel(R) Management Engine Components\DAL;C:\Program Files\Intel\Intel(R) Management Engine Components\DAL;C:\Users\PC\Documents\C++\mingw32\bin;C:\MinGW\bin;C:\Program Files\Microsoft SQL Server\Client SDK\ODBC\170\Tools\Binn\;C:\Program Files (x86)\Microsoft SQL Server\150\Tools\Binn\;C:\Program Files\Microsoft SQL Server\150\Tools\Binn\;C:\Program Files\Microsoft SQL Server\150\DTS\Binn\;C:\Program Files (x86)\Microsoft SQL Server\150\DTS\Binn\;C:\Program Files\Git\cmd;E:\bin;C:\Users\PC\AppData\Local\Programs\Python\Python39\Scripts\;C:\Users\PC\AppData\Local\Programs\Python\Python39\;C:\Program Files\MySQL\MySQL Shell 8.0\bin\;C:\Users\PC\AppData\Local\Microsoft\WindowsApps;C:\Program Files\JetBrains\IntelliJ IDEA Community Edition 2020.3.2\bin;;C:\Program Files\Azure Data Studio\bin;E:\IntelliJ IDEA 2020.3.2\bin;;C:\Users\PC\AppData\Local\Programs\Microsoft VS Code\bin
USERNAME=PC
OS=Windows_NT
PROCESSOR_IDENTIFIER=Intel64 Family 6 Model 142 Stepping 12, GenuineIntel



---------------  S Y S T E M  ---------------

OS: Windows 10 , 64 bit Build 19041 (10.0.19041.1023)
OS uptime: 0 days 0:20 hours

CPU:total 8 (initial active 8) (4 cores per cpu, 2 threads per core) family 6 model 142 stepping 12 microcode 0xea, cmov, cx8, fxsr, mmx, sse, sse2, sse3, ssse3, sse4.1, sse4.2, popcnt, avx, avx2, aes, clmul, erms, 3dnowpref, lzcnt, ht, tsc, tscinvbit, bmi1, bmi2, adx, fma

Memory: 4k page, system-wide physical 8040M (501M free)
TotalPageFile size 14597M (AvailPageFile size 60M)
current process WorkingSet (physical memory assigned to process): 476M, peak: 555M
current process commit charge ("private bytes"): 730M, peak: 787M

vm_info: OpenJDK 64-Bit Server VM (11.0.10+0-b96-7249189) for windows-amd64 JRE (11.0.10+0-b96-7249189), built on Mar 31 2021 21:44:00 by "builder" with MS VC++ 14.0 (VS2015)

END.
